2026/04/20 11:41:50 mibo-media-server listening on :8080
2026/04/20 11:41:51 http request_id=77a6aca982cb8cb9 method=GET path=/healthz status=200 duration=0s
2026/04/20 11:42:15 http request_id=50a23aa3d59a1a46 method=DELETE path=/api/v1/libraries/3 status=200 duration=2ms
2026/04/20 11:42:15 http request_id=045c3e7ea0452764 method=GET path=/api/v1/me status=200 duration=2ms
2026/04/20 11:42:15 http request_id=14ea814c129bf19b method=GET path=/api/v1/home/recently-added status=200 duration=1ms
2026/04/20 11:42:15 http request_id=e61b44927433bf30 method=GET path=/api/v1/me/continue-watching status=200 duration=4ms
2026/04/20 11:42:15 http request_id=ad6833fd9298d0bc method=GET path=/api/v1/media-sources status=200 duration=5ms
2026/04/20 11:42:15 http request_id=ce8818c99e200bd8 method=GET path=/api/v1/libraries status=200 duration=6ms
2026/04/20 11:42:15 http request_id=03e1a721970d8249 method=GET path=/api/v1/me/recently-played status=200 duration=6ms
2026/04/20 11:42:15 http request_id=aad3b45c16b56f58 method=GET path=/api/v1/libraries/4/items status=200 duration=0s
2026/04/20 11:42:18 http request_id=50ae2d0c6f5a5d0b method=GET path=/api/v1/setup/status status=200 duration=0s
2026/04/20 11:42:18 http request_id=aff067f10a5b4f7e method=GET path=/api/v1/media-sources status=200 duration=0s
2026/04/20 11:42:18 http request_id=ef3b647215eb76c4 method=GET path=/api/v1/me status=200 duration=2ms
2026/04/20 11:42:18 http request_id=229f69d86eac4ac3 method=GET path=/api/v1/libraries status=200 duration=0s
2026/04/20 11:42:18 http request_id=d6ccc29fffc28e90 method=GET path=/api/v1/me/continue-watching status=200 duration=2ms
2026/04/20 11:42:18 http request_id=aa270914781892dd method=GET path=/api/v1/me/recently-played status=200 duration=1ms
2026/04/20 11:42:18 http request_id=f23eb59d43fe8701 method=GET path=/api/v1/home/recently-added status=200 duration=0s
2026/04/20 11:42:18 http request_id=8552fff085210c81 method=GET path=/api/v1/me status=200 duration=2ms
2026/04/20 11:42:18 http request_id=73b6fb314ca57a6c method=GET path=/api/v1/media-sources status=200 duration=0s
2026/04/20 11:42:18 http request_id=bd84de01c5e90d43 method=GET path=/api/v1/libraries status=200 duration=0s
2026/04/20 11:42:18 http request_id=56abab6dca23004d method=GET path=/api/v1/home/recently-added status=200 duration=0s
2026/04/20 11:42:18 http request_id=81095ff003221590 method=GET path=/api/v1/me/continue-watching status=200 duration=3ms
2026/04/20 11:42:18 http request_id=29b6bd77d41ca0f0 method=GET path=/api/v1/me/recently-played status=200 duration=5ms
2026/04/20 11:42:19 http request_id=108f4530e2310418 method=GET path=/api/v1/libraries/4/items status=200 duration=0s
2026/04/20 11:42:24 http request_id=0fecc95b772faba2 method=GET path=/api/v1/setup/status status=200 duration=0s
2026/04/20 11:42:24 http request_id=94db57a881a6c295 method=GET path=/api/v1/me status=200 duration=2ms
2026/04/20 11:42:24 http request_id=a8ae5fed027f4bf2 method=GET path=/api/v1/libraries status=200 duration=0s
2026/04/20 11:42:24 http request_id=99a373a17701b7ab method=GET path=/api/v1/media-sources status=200 duration=1ms
2026/04/20 11:42:24 http request_id=8a0d724f19ab0ae2 method=GET path=/api/v1/me status=200 duration=2ms
2026/04/20 11:42:24 http request_id=adaa2152da2de6da method=GET path=/api/v1/me/continue-watching status=200 duration=3ms
2026/04/20 11:42:24 http request_id=6026c1e8a4f71a88 method=GET path=/api/v1/media-sources status=200 duration=1ms
2026/04/20 11:42:24 http request_id=b52d729699336b98 method=GET path=/api/v1/me/recently-played status=200 duration=3ms
2026/04/20 11:42:24 http request_id=11e3357415d3430c method=GET path=/api/v1/me/continue-watching status=200 duration=3ms
2026/04/20 11:42:24 http request_id=9cb50cfc48ce7915 method=GET path=/api/v1/me/recently-played status=200 duration=5ms
2026/04/20 11:42:24 http request_id=6ee1202c5a61d565 method=GET path=/api/v1/home/recently-added status=200 duration=9ms
2026/04/20 11:42:24 http request_id=830887092a4b4ede method=GET path=/api/v1/libraries status=200 duration=13ms
2026/04/20 11:42:24 http request_id=83cd36025a973d27 method=GET path=/api/v1/home/recently-added status=200 duration=1ms
2026/04/20 11:42:24 http request_id=3c95025dce59119e method=GET path=/api/v1/libraries/4/items status=200 duration=0s
2026/04/20 11:50:52 http request_id=98fde367f311f7e9 method=GET path=/api/v1/setup/status status=200 duration=0s
2026/04/20 11:50:52 http request_id=53b41c6a1d687f40 method=GET path=/api/v1/me status=200 duration=2ms
2026/04/20 11:50:52 http request_id=308bf13ca4bc2b9e method=GET path=/api/v1/media-sources status=200 duration=0s
2026/04/20 11:50:52 http request_id=8f3f8f2c074dbaa1 method=GET path=/api/v1/libraries status=200 duration=0s
2026/04/20 11:50:52 http request_id=0f9801a18a981fdc method=GET path=/api/v1/me status=200 duration=3ms
2026/04/20 11:50:52 http request_id=3a3ac4edf48f1b89 method=GET path=/api/v1/home/recently-added status=200 duration=2ms
2026/04/20 11:50:52 http request_id=3a22c8fc78790298 method=GET path=/api/v1/me/recently-played status=200 duration=6ms
2026/04/20 11:50:52 http request_id=3cce3551c02e12e9 method=GET path=/api/v1/me/recently-played status=200 duration=2ms
2026/04/20 11:50:52 http request_id=76f827f1e7112cb9 method=GET path=/api/v1/me/continue-watching status=200 duration=11ms
2026/04/20 11:50:52 http request_id=4e63f0edd11407d1 method=GET path=/api/v1/libraries status=200 duration=12ms
2026/04/20 11:50:52 http request_id=b9517a93c5f2674d method=GET path=/api/v1/media-sources status=200 duration=13ms
2026/04/20 11:50:52 http request_id=429e3fc678b29dad method=GET path=/api/v1/home/recently-added status=200 duration=9ms
2026/04/20 11:50:52 http request_id=0640adb5600fa93e method=GET path=/api/v1/me/continue-watching status=200 duration=2ms
2026/04/20 11:50:52 http request_id=8824af7863a1b5ce method=GET path=/api/v1/libraries/4/items status=200 duration=0s
