2026/04/22 12:45:58 mibo-media-server listening on :8080
2026/04/22 12:46:12 http request_id=b8dbef7e76921293 method=GET path=/api/v1/setup/status status=200 duration=0s
2026/04/22 12:46:12 http request_id=4fa9f9811e08e9e5 method=GET path=/api/v1/setup/status status=200 duration=0s
2026/04/22 12:46:30 http request_id=24976d77a5f6c516 method=POST path=/api/v1/auth/login status=200 duration=49ms
2026/04/22 12:46:30 http request_id=8942c8f66a784be1 method=GET path=/api/v1/system/info status=200 duration=1ms
2026/04/22 12:46:30 http request_id=00c24aa13ebe7b8e method=GET path=/api/v1/settings/metadata status=200 duration=2ms
2026/04/22 12:46:30 http request_id=c288fdf541215f34 method=GET path=/api/v1/settings/scan status=200 duration=2ms
2026/04/22 12:46:30 http request_id=ca4ad9f4858abe7a method=GET path=/api/v1/me status=200 duration=2ms
2026/04/22 12:46:30 http request_id=dc20fc99b117b3bd method=GET path=/api/v1/libraries status=200 duration=1ms
2026/04/22 12:46:30 http request_id=ec1287da9a9bc086 method=GET path=/api/v1/home/discovery status=200 duration=2ms
2026/04/22 12:46:30 http request_id=3e8fd30992b0bd4d method=GET path=/api/v1/media-sources status=200 duration=6ms
2026/04/22 12:46:31 http request_id=0ceb71a9a179fe3a method=GET path=/api/v1/libraries/4/items status=200 duration=0s
2026/04/22 12:46:42 http request_id=27aefc7ada017321 method=GET path=/api/v1/setup/status status=200 duration=0s
2026/04/22 12:47:03 http request_id=25a4364953fd38d2 method=GET path=/api/v1/setup/status status=200 duration=0s
2026/04/22 12:47:03 http request_id=81c6afc0beeb1b64 method=GET path=/api/v1/setup/status status=200 duration=0s
2026/04/22 12:47:03 http request_id=0c4b8b88e9072b26 method=GET path=/api/v1/system/info status=200 duration=0s
2026/04/22 12:47:03 http request_id=a039db0557888fb3 method=GET path=/api/v1/settings/metadata status=200 duration=1ms
2026/04/22 12:47:03 http request_id=8fb3ffa1932c69cd method=GET path=/api/v1/settings/scan status=200 duration=4ms
2026/04/22 12:47:03 http request_id=e4fb5da29bde6881 method=GET path=/api/v1/media-sources status=200 duration=5ms
2026/04/22 12:47:03 http request_id=4435c11cf5e6c7ca method=GET path=/api/v1/settings/metadata status=200 duration=2ms
2026/04/22 12:47:03 http request_id=7d5606837b8dc681 method=GET path=/api/v1/settings/scan status=200 duration=1ms
2026/04/22 12:47:03 http request_id=b1537570df4094fd method=GET path=/api/v1/system/info status=200 duration=5ms
2026/04/22 12:47:03 http request_id=694ca65066f522e5 method=GET path=/api/v1/libraries status=200 duration=10ms
2026/04/22 12:47:03 http request_id=7451d315c2529ead method=GET path=/api/v1/media-sources status=200 duration=2ms
2026/04/22 12:47:03 http request_id=68fef212f1e2a09d method=GET path=/api/v1/libraries/4/items status=200 duration=9ms
2026/04/22 12:47:03 http request_id=52af81ed7024527a method=GET path=/api/v1/home/discovery status=200 duration=10ms
2026/04/22 12:47:03 http request_id=4b9b5f65cfacb013 method=GET path=/api/v1/libraries status=200 duration=3ms
2026/04/22 12:47:03 http request_id=175f28d5e13cfdad method=GET path=/api/v1/libraries/4/items status=200 duration=4ms
2026/04/22 12:47:03 http request_id=67c5cb2bf6babed3 method=GET path=/api/v1/home/discovery status=200 duration=5ms
2026/04/22 12:47:03 http request_id=3be9c169d63e9997 method=GET path=/api/v1/me status=200 duration=23ms
2026/04/22 12:47:03 http request_id=5126a07b5570841e method=GET path=/api/v1/me status=200 duration=1ms
2026/04/22 12:47:03 http request_id=8f13bebc1eff7940 method=GET path=/api/v1/setup/status status=200 duration=0s
2026/04/22 12:47:03 http request_id=147a76868f193c90 method=GET path=/api/v1/media-items/6 status=200 duration=1ms
2026/04/22 12:47:03 http request_id=c423df7b784967d7 method=GET path=/api/v1/media-items/6 status=200 duration=0s
2026/04/22 12:47:03 http request_id=58d6eb167762cb23 method=GET path=/api/v1/system/info status=200 duration=1ms
2026/04/22 12:47:03 http request_id=8bdc71cb52fa2220 method=GET path=/api/v1/settings/metadata status=200 duration=2ms
2026/04/22 12:47:03 http request_id=164fef148bef2096 method=GET path=/api/v1/settings/scan status=200 duration=3ms
2026/04/22 12:47:03 http request_id=e87f0de7e31116e2 method=GET path=/api/v1/me status=200 duration=4ms
2026/04/22 12:47:03 http request_id=d489b978c453d6fb method=GET path=/api/v1/system/info status=200 duration=0s
2026/04/22 12:47:03 http request_id=39755044dd102239 method=GET path=/api/v1/libraries/4/items status=200 duration=3ms
2026/04/22 12:47:03 http request_id=4312e364cd647ebf method=GET path=/api/v1/media-sources status=200 duration=6ms
2026/04/22 12:47:03 http request_id=84b3ac853b9d7919 method=GET path=/api/v1/media-sources status=200 duration=1ms
2026/04/22 12:47:03 http request_id=efb09be0939b0dd2 method=GET path=/api/v1/settings/metadata status=200 duration=6ms
2026/04/22 12:47:03 http request_id=3e45f1fece04a670 method=GET path=/api/v1/me status=200 duration=6ms
2026/04/22 12:47:03 http request_id=a13750743f7c19ff method=GET path=/api/v1/home/discovery status=200 duration=13ms
2026/04/22 12:47:03 http request_id=8cab56a48d195af2 method=GET path=/api/v1/home/discovery status=200 duration=1ms
2026/04/22 12:47:03 http request_id=f38f07c249de7ee3 method=GET path=/api/v1/libraries/4/items status=200 duration=8ms
2026/04/22 12:47:03 http request_id=c5d52c4903d9fa53 method=GET path=/api/v1/libraries status=200 duration=18ms
2026/04/22 12:47:03 http request_id=db0c90386366869e method=GET path=/api/v1/libraries status=200 duration=1ms
2026/04/22 12:47:03 http request_id=c7b79a886b34dc87 method=GET path=/api/v1/settings/scan status=200 duration=23ms
2026/04/22 12:47:03 http request_id=b04888cdb1d95287 method=GET path=/api/v1/media-items/6 status=200 duration=1ms
2026/04/22 12:47:03 http request_id=b936b06f4343c1f3 method=GET path=/api/v1/media-items/6/progress status=200 duration=1ms
2026/04/22 12:47:21 http request_id=934b2eda08f865ba method=GET path=/api/v1/setup/status status=200 duration=0s
2026/04/22 12:47:21 http request_id=9437960b657927a3 method=GET path=/api/v1/system/info status=200 duration=0s
2026/04/22 12:47:21 http request_id=ed658ebae98cc023 method=GET path=/api/v1/settings/metadata status=200 duration=1ms
2026/04/22 12:47:21 http request_id=5aa75351c3a0f913 method=GET path=/api/v1/media-sources status=200 duration=1ms
2026/04/22 12:47:21 http request_id=b2e88a9c9007a424 method=GET path=/api/v1/settings/scan status=200 duration=3ms
2026/04/22 12:47:21 http request_id=3a47cad517640489 method=GET path=/api/v1/libraries/4/items status=200 duration=0s
2026/04/22 12:47:21 http request_id=3ba276ad65442bd0 method=GET path=/api/v1/libraries status=200 duration=4ms
2026/04/22 12:47:21 http request_id=a6661adaebe4e12e method=GET path=/api/v1/settings/metadata status=200 duration=3ms
2026/04/22 12:47:21 http request_id=33c0f3c14eb4ec04 method=GET path=/api/v1/libraries status=200 duration=2ms
2026/04/22 12:47:21 http request_id=508b536594b153f3 method=GET path=/api/v1/settings/scan status=200 duration=5ms
2026/04/22 12:47:21 http request_id=482cff2206d63ec7 method=GET path=/api/v1/libraries/4/items status=200 duration=1ms
2026/04/22 12:47:21 http request_id=3151337b355c4874 method=GET path=/api/v1/system/info status=200 duration=8ms
2026/04/22 12:47:21 http request_id=fe06b5d4b5a0c871 method=GET path=/api/v1/home/discovery status=200 duration=11ms
2026/04/22 12:47:21 http request_id=171f015264ffdd2b method=GET path=/api/v1/home/discovery status=200 duration=1ms
2026/04/22 12:47:21 http request_id=c56b67a30d6297fb method=GET path=/api/v1/me status=200 duration=20ms
2026/04/22 12:47:21 http request_id=5ae74c1282b158f6 method=GET path=/api/v1/me status=200 duration=1ms
2026/04/22 12:47:21 http request_id=c13af4fdc23515e0 method=GET path=/api/v1/media-sources status=200 duration=19ms
2026/04/22 12:47:21 http request_id=85819209df18a14b method=GET path=/api/v1/setup/status status=200 duration=0s
2026/04/22 12:47:21 http request_id=d66f5db2e81db499 method=GET path=/api/v1/media-items/6 status=200 duration=1ms
2026/04/22 12:47:21 http request_id=3ecd34fe6522faa6 method=GET path=/api/v1/media-items/6 status=200 duration=0s
2026/04/22 12:47:21 http request_id=49fbf99af4cddbcd method=GET path=/api/v1/system/info status=200 duration=0s
2026/04/22 12:47:21 http request_id=26865cb062c4284b method=GET path=/api/v1/settings/metadata status=200 duration=36ms
2026/04/22 12:47:21 http request_id=b3c715b7abf49764 method=GET path=/api/v1/libraries/4/items status=200 duration=0s
2026/04/22 12:47:21 http request_id=0d407d46cf665020 method=GET path=/api/v1/system/info status=200 duration=0s
2026/04/22 12:47:21 http request_id=afdf87ca67f5debd method=GET path=/api/v1/home/discovery status=200 duration=36ms
2026/04/22 12:47:21 http request_id=51bf329a705d2f77 method=GET path=/api/v1/settings/metadata status=200 duration=1ms
2026/04/22 12:47:21 http request_id=08dc0792d6a3e86d method=GET path=/api/v1/home/discovery status=200 duration=2ms
2026/04/22 12:47:21 http request_id=4d2a315f01521166 method=GET path=/api/v1/libraries/4/items status=200 duration=5ms
2026/04/22 12:47:21 http request_id=7bcba446dfe16a18 method=GET path=/api/v1/media-items/6 status=200 duration=0s
2026/04/22 12:47:21 http request_id=047312ae94b3458c method=GET path=/api/v1/settings/scan status=200 duration=54ms
2026/04/22 12:47:21 http request_id=b8c781fabe980eca method=GET path=/api/v1/me status=200 duration=56ms
2026/04/22 12:47:21 http request_id=c1f508bb2acb34b5 method=GET path=/api/v1/me status=200 duration=1ms
2026/04/22 12:47:21 http request_id=6bd58dd085f778fd method=GET path=/api/v1/settings/scan status=200 duration=4ms
2026/04/22 12:47:21 http request_id=c65987ff5bc04e22 method=GET path=/api/v1/media-items/6/progress status=200 duration=1ms
2026/04/22 12:47:21 http request_id=b6b1ce36197fe530 method=GET path=/api/v1/media-sources status=200 duration=61ms
2026/04/22 12:47:21 http request_id=22f5f555a6eaadf9 method=GET path=/api/v1/media-sources status=200 duration=1ms
2026/04/22 12:47:21 http request_id=f293f8613a30d89a method=GET path=/api/v1/libraries status=200 duration=80ms
2026/04/22 12:47:21 http request_id=c4107bc7bf2c17de method=GET path=/api/v1/libraries status=200 duration=1ms
2026/04/22 12:47:40 http request_id=408fefd1a355de21 method=GET path=/api/v1/setup/status status=200 duration=1ms
2026/04/22 12:47:40 http request_id=8d12b39b3d70156c method=GET path=/api/v1/setup/status status=200 duration=1ms
2026/04/22 12:47:40 http request_id=dc60763b474bc157 method=GET path=/api/v1/system/info status=200 duration=1ms
2026/04/22 12:47:40 http request_id=a0cead2b69716aff method=GET path=/api/v1/settings/metadata status=200 duration=2ms
2026/04/22 12:47:40 http request_id=8096b47a6c050a11 method=GET path=/api/v1/settings/scan status=200 duration=3ms
2026/04/22 12:47:40 http request_id=622d0fbab9dd42d6 method=GET path=/api/v1/me status=200 duration=5ms
2026/04/22 12:47:40 http request_id=e8e0eeaa5bf45620 method=GET path=/api/v1/media-sources status=200 duration=7ms
2026/04/22 12:47:40 http request_id=c7ad5c405527217b method=GET path=/api/v1/settings/scan status=200 duration=1ms
2026/04/22 12:47:40 http request_id=72e58b27fadeada3 method=GET path=/api/v1/system/info status=200 duration=4ms
2026/04/22 12:47:40 http request_id=fe72cbda1305e8f5 method=GET path=/api/v1/home/discovery status=200 duration=7ms
2026/04/22 12:47:40 http request_id=76033715acc79baa method=GET path=/api/v1/me status=200 duration=3ms
2026/04/22 12:47:40 http request_id=8001b05d96765303 method=GET path=/api/v1/libraries/4/items status=200 duration=9ms
2026/04/22 12:47:40 http request_id=ba30788349845658 method=GET path=/api/v1/libraries status=200 duration=13ms
2026/04/22 12:47:40 http request_id=37c6e138b43a1aec method=GET path=/api/v1/libraries status=200 duration=1ms
2026/04/22 12:47:40 http request_id=0d5a279795058d39 method=GET path=/api/v1/libraries/4/items status=200 duration=3ms
2026/04/22 12:47:40 http request_id=973914389269d8aa method=GET path=/api/v1/media-sources status=200 duration=8ms
2026/04/22 12:47:40 http request_id=31512c6a4312581b method=GET path=/api/v1/home/discovery status=200 duration=10ms
2026/04/22 12:47:40 http request_id=decd0f392d30af40 method=GET path=/api/v1/settings/metadata status=200 duration=24ms
2026/04/22 12:47:40 http request_id=a95d5759e103923e method=GET path=/api/v1/setup/status status=200 duration=0s
2026/04/22 12:47:40 http request_id=0bf938a76751b468 method=GET path=/api/v1/media-items/6 status=200 duration=0s
2026/04/22 12:47:40 http request_id=a875f63d2194fbe4 method=GET path=/api/v1/media-items/6 status=200 duration=0s
2026/04/22 12:47:40 http request_id=ed3c579194f820c1 method=GET path=/api/v1/settings/scan status=200 duration=6ms
2026/04/22 12:47:40 http request_id=661a22e3c80cf9ce method=GET path=/api/v1/home/discovery status=200 duration=1ms
2026/04/22 12:47:40 http request_id=c1597a8b99f609bb method=GET path=/api/v1/libraries status=200 duration=4ms
2026/04/22 12:47:40 http request_id=db1f6ca945ffc14e method=GET path=/api/v1/libraries/4/items status=200 duration=0s
2026/04/22 12:47:40 http request_id=e21edd52b7bcbcb4 method=GET path=/api/v1/settings/scan status=200 duration=1ms
2026/04/22 12:47:40 http request_id=cfba2545281d2cb3 method=GET path=/api/v1/media-sources status=200 duration=10ms
2026/04/22 12:47:40 http request_id=a6e9dab0a0601294 method=GET path=/api/v1/settings/metadata status=200 duration=14ms
2026/04/22 12:47:40 http request_id=345e80c1eed7c549 method=GET path=/api/v1/libraries/4/items status=200 duration=2ms
2026/04/22 12:47:40 http request_id=581173698c70dfe4 method=GET path=/api/v1/media-sources status=200 duration=1ms
2026/04/22 12:47:40 http request_id=dfd515104ee0888d method=GET path=/api/v1/me status=200 duration=16ms
2026/04/22 12:47:40 http request_id=8562dc3310ca67d8 method=GET path=/api/v1/settings/metadata status=200 duration=2ms
2026/04/22 12:47:40 http request_id=25457c2296b39b58 method=GET path=/api/v1/home/discovery status=200 duration=9ms
2026/04/22 12:47:40 http request_id=b358277c9fe08a59 method=GET path=/api/v1/me status=200 duration=3ms
2026/04/22 12:47:40 http request_id=f17f1a0d51b80224 method=GET path=/api/v1/system/info status=200 duration=29ms
2026/04/22 12:47:40 http request_id=18bd1e31ee2f728b method=GET path=/api/v1/libraries status=200 duration=20ms
2026/04/22 12:47:40 http request_id=2e366d35e6a483bc method=GET path=/api/v1/system/info status=200 duration=0s
2026/04/22 12:47:40 http request_id=b0a677f6ac6dbbb8 method=GET path=/api/v1/media-items/6 status=200 duration=0s
2026/04/22 12:47:40 http request_id=ec525100ad234951 method=GET path=/api/v1/media-items/6/progress status=200 duration=2ms
2026/04/22 12:48:41 http request_id=3bf6a7a9803607e6 method=POST path=/api/v1/libraries status=201 duration=2ms
2026/04/22 12:48:43 worker: job 31 (probe_media_file) failed: exit status 1
2026/04/22 12:49:07 http request_id=aeccdd37706a7d2b method=GET path=/api/v1/libraries/5/items status=200 duration=0s
2026/04/22 12:49:17 http request_id=7b8ccd417be1d736 method=GET path=/api/v1/setup/status status=200 duration=0s
2026/04/22 12:49:17 http request_id=3bac696c6cda60bf method=GET path=/api/v1/setup/status status=200 duration=0s
2026/04/22 12:49:17 http request_id=d60f9502516f9688 method=GET path=/api/v1/system/info status=200 duration=1ms
2026/04/22 12:49:17 http request_id=dec726685e7cdae0 method=GET path=/api/v1/settings/metadata status=200 duration=2ms
2026/04/22 12:49:17 http request_id=08e02c3c7c1d7d18 method=GET path=/api/v1/settings/scan status=200 duration=2ms
2026/04/22 12:49:17 http request_id=3c2ad622bf256d52 method=GET path=/api/v1/media-sources status=200 duration=1ms
2026/04/22 12:49:17 http request_id=8d026d743e48570a method=GET path=/api/v1/libraries status=200 duration=1ms
2026/04/22 12:49:17 http request_id=5f3f637cc8e17244 method=GET path=/api/v1/me status=200 duration=4ms
2026/04/22 12:49:17 http request_id=a8cbbc449f3f2131 method=GET path=/api/v1/libraries/5/items status=200 duration=1ms
2026/04/22 12:49:17 http request_id=1732529879e69241 method=GET path=/api/v1/home/discovery status=200 duration=4ms
2026/04/22 12:49:17 http request_id=5486fcc96e1365a2 method=GET path=/api/v1/system/info status=200 duration=0s
2026/04/22 12:49:17 http request_id=c507d3ab8febdc96 method=GET path=/api/v1/settings/metadata status=200 duration=1ms
2026/04/22 12:49:17 http request_id=0e6885766ca8a6d0 method=GET path=/api/v1/me status=200 duration=1ms
2026/04/22 12:49:17 http request_id=0c780cf102be806c method=GET path=/api/v1/settings/scan status=200 duration=5ms
2026/04/22 12:49:17 http request_id=6e4fca941d6f1068 method=GET path=/api/v1/media-sources status=200 duration=5ms
2026/04/22 12:49:17 http request_id=f2c9f0f1b36eb86a method=GET path=/api/v1/libraries/5/items status=200 duration=4ms
2026/04/22 12:49:17 http request_id=89c713d9ff924fa8 method=GET path=/api/v1/home/discovery status=200 duration=6ms
2026/04/22 12:49:17 http request_id=0fce6dc62b521817 method=GET path=/api/v1/libraries status=200 duration=12ms
2026/04/22 12:49:17 http request_id=3b8e9072737beec4 method=GET path=/api/v1/setup/status status=200 duration=0s
2026/04/22 12:49:17 http request_id=4bf3308784e1f3d1 method=GET path=/api/v1/media-items/7 status=200 duration=0s
2026/04/22 12:49:17 http request_id=b1bf15560d24dfbd method=GET path=/api/v1/media-items/7 status=200 duration=0s
2026/04/22 12:49:17 http request_id=36cba2070f6221ea method=GET path=/api/v1/system/info status=200 duration=0s
2026/04/22 12:49:17 http request_id=6c6f524c0af0f355 method=GET path=/api/v1/libraries status=200 duration=4ms
2026/04/22 12:49:17 http request_id=db122a2b2a49546a method=GET path=/api/v1/settings/metadata status=200 duration=7ms
2026/04/22 12:49:17 http request_id=e64c6b5034363a7e method=GET path=/api/v1/settings/scan status=200 duration=8ms
2026/04/22 12:49:17 http request_id=b1102cd9e23bc309 method=GET path=/api/v1/system/info status=200 duration=4ms
2026/04/22 12:49:17 http request_id=ed5e19b0bd9b7f03 method=GET path=/api/v1/home/discovery status=200 duration=11ms
2026/04/22 12:49:17 http request_id=0b3fbc1b4491cbde method=GET path=/api/v1/libraries status=200 duration=3ms
2026/04/22 12:49:17 http request_id=b9447ebca492315a method=GET path=/api/v1/settings/metadata status=200 duration=2ms
2026/04/22 12:49:17 http request_id=5703a9ae4a4b4a47 method=GET path=/api/v1/settings/scan status=200 duration=6ms
2026/04/22 12:49:17 http request_id=096655f5ba9d2a73 method=GET path=/api/v1/home/discovery status=200 duration=6ms
2026/04/22 12:49:17 http request_id=a616ffd62b2c909c method=GET path=/api/v1/media-sources status=200 duration=20ms
2026/04/22 12:49:17 http request_id=8f1a595e112971d2 method=GET path=/api/v1/media-sources status=200 duration=1ms
2026/04/22 12:49:17 http request_id=b8958688828c3ac1 method=GET path=/api/v1/me status=200 duration=25ms
2026/04/22 12:49:17 http request_id=fdaac6b90bef35ad method=GET path=/api/v1/me status=200 duration=1ms
2026/04/22 12:49:17 http request_id=d85cc445c886b645 method=GET path=/api/v1/libraries/5/items status=200 duration=28ms
2026/04/22 12:49:17 http request_id=31cef8f399282850 method=GET path=/api/v1/libraries/5/items status=200 duration=0s
2026/04/22 12:49:17 http request_id=d5374234c8e06efd method=GET path=/api/v1/media-items/7 status=200 duration=0s
2026/04/22 12:49:17 http request_id=5a983567c0787b46 method=GET path=/api/v1/media-items/7/progress status=400 duration=2ms
2026/04/22 12:49:17 http request_id=4a73414ae085a35b method=GET path=/api/v1/tv/2067/seasons status=200 duration=238ms
2026/04/22 12:49:17 http request_id=4b661d58e17aa201 method=GET path=/api/v1/tv/2067/seasons status=200 duration=0s
2026/04/22 12:49:18 http request_id=0f418321fcb9807d method=GET path=/api/v1/tv/2067/seasons/1/episodes status=200 duration=361ms
2026/04/22 12:49:36 http request_id=f21542cee12ed6de method=GET path=/api/v1/tv/2067/seasons/2/episodes status=200 duration=359ms
2026/04/22 12:50:07 http request_id=6c4aa84003262ebf method=GET path=/api/v1/setup/status status=200 duration=0s
2026/04/22 12:50:07 http request_id=d7653b1b00b2ba2d method=GET path=/api/v1/setup/status status=200 duration=0s
2026/04/22 12:50:07 http request_id=483b8bce811aa15a method=GET path=/api/v1/system/info status=200 duration=0s
2026/04/22 12:50:07 http request_id=3c02c7fe99e47fb2 method=GET path=/api/v1/settings/metadata status=200 duration=5ms
2026/04/22 12:50:07 http request_id=5cec1dd46e4151bd method=GET path=/api/v1/settings/scan status=200 duration=9ms
2026/04/22 12:50:07 http request_id=d94fd1247a72f7b6 method=GET path=/api/v1/me status=200 duration=9ms
2026/04/22 12:50:07 http request_id=de433d819ee72789 method=GET path=/api/v1/settings/metadata status=200 duration=1ms
2026/04/22 12:50:07 http request_id=c85d01a2b0d20e50 method=GET path=/api/v1/settings/scan status=200 duration=1ms
2026/04/22 12:50:07 http request_id=3b3e2ab57e38f2ec method=GET path=/api/v1/system/info status=200 duration=3ms
2026/04/22 12:50:07 http request_id=31572332ae045f82 method=GET path=/api/v1/me status=200 duration=1ms
2026/04/22 12:50:07 http request_id=d1e01071abdd2234 method=GET path=/api/v1/libraries/5/items status=200 duration=9ms
2026/04/22 12:50:07 http request_id=e0d65f63e6ca43be method=GET path=/api/v1/home/discovery status=200 duration=12ms
2026/04/22 12:50:07 http request_id=5e3ad72e198c4e84 method=GET path=/api/v1/libraries status=200 duration=13ms
2026/04/22 12:50:07 http request_id=0931bad1b15f085c method=GET path=/api/v1/libraries/5/items status=200 duration=0s
2026/04/22 12:50:07 http request_id=825c861357a9995d method=GET path=/api/v1/media-sources status=200 duration=19ms
2026/04/22 12:50:07 http request_id=3c1d03330ee3f709 method=GET path=/api/v1/media-sources status=200 duration=1ms
2026/04/22 12:50:07 http request_id=3a4448e092c7cbb5 method=GET path=/api/v1/home/discovery status=200 duration=8ms
2026/04/22 12:50:07 http request_id=e1df71901558fb18 method=GET path=/api/v1/libraries status=200 duration=10ms
2026/04/22 12:50:08 http request_id=98aae18659744f90 method=GET path=/api/v1/setup/status status=200 duration=0s
2026/04/22 12:50:08 http request_id=5e3ff67093138da3 method=GET path=/api/v1/media-items/7 status=200 duration=1ms
2026/04/22 12:50:08 http request_id=350a11bf83e563c6 method=GET path=/api/v1/media-items/7 status=200 duration=0s
2026/04/22 12:50:08 http request_id=5a73e1cfe01950e8 method=GET path=/api/v1/system/info status=200 duration=1ms
2026/04/22 12:50:08 http request_id=6e6c20506d26532b method=GET path=/api/v1/settings/metadata status=200 duration=1ms
2026/04/22 12:50:08 http request_id=0842a033f03d0d87 method=GET path=/api/v1/settings/scan status=200 duration=2ms
2026/04/22 12:50:08 http request_id=fd9f1aa8dd956fe4 method=GET path=/api/v1/me status=200 duration=3ms
2026/04/22 12:50:08 http request_id=5dc6202e1cb18502 method=GET path=/api/v1/libraries/5/items status=200 duration=0s
2026/04/22 12:50:08 http request_id=9567defd3da61732 method=GET path=/api/v1/media-sources status=200 duration=5ms
2026/04/22 12:50:08 http request_id=267d3ddf0e6dbbc8 method=GET path=/api/v1/settings/metadata status=200 duration=1ms
2026/04/22 12:50:08 http request_id=018255c56d778b93 method=GET path=/api/v1/system/info status=200 duration=1ms
2026/04/22 12:50:08 http request_id=8448f1f4b3ebe085 method=GET path=/api/v1/settings/scan status=200 duration=2ms
2026/04/22 12:50:08 http request_id=6fcfdd0d1356328d method=GET path=/api/v1/libraries/5/items status=200 duration=0s
2026/04/22 12:50:08 http request_id=9fdac6e54d6b7be3 method=GET path=/api/v1/me status=200 duration=5ms
2026/04/22 12:50:08 http request_id=bc718e7ba419fcb0 method=GET path=/api/v1/libraries status=200 duration=12ms
2026/04/22 12:50:08 http request_id=15f8f138b8f015a7 method=GET path=/api/v1/media-sources status=200 duration=7ms
2026/04/22 12:50:08 http request_id=657ccb9c7d9eba82 method=GET path=/api/v1/libraries status=200 duration=2ms
2026/04/22 12:50:08 http request_id=e4ab7f2f0cc3754c method=GET path=/api/v1/home/discovery status=200 duration=23ms
2026/04/22 12:50:08 http request_id=9057b5a104c87777 method=GET path=/api/v1/home/discovery status=200 duration=2ms
2026/04/22 12:50:08 http request_id=18d0d9687094d11a method=GET path=/api/v1/media-items/7 status=200 duration=0s
2026/04/22 12:50:08 http request_id=5ec6f322f7b8f0ad method=GET path=/api/v1/media-items/7/progress status=400 duration=1ms
2026/04/22 12:50:08 http request_id=ce7572284ea9c91a method=GET path=/api/v1/tv/2067/seasons status=200 duration=1ms
2026/04/22 12:50:08 http request_id=fd5d669e107e6ea3 method=GET path=/api/v1/tv/2067/seasons status=200 duration=0s
2026/04/22 12:50:08 http request_id=e582d2829bf16d11 method=GET path=/api/v1/tv/2067/seasons/1/episodes status=200 duration=1ms
2026/04/22 12:50:23 http request_id=422a095e0b0ac394 method=GET path=/api/v1/setup/status status=200 duration=0s
2026/04/22 12:50:23 http request_id=f70608856fdcc245 method=GET path=/api/v1/setup/status status=200 duration=0s
2026/04/22 12:50:23 http request_id=708d5682d76514ab method=GET path=/api/v1/system/info status=200 duration=1ms
2026/04/22 12:50:23 http request_id=129c90fdf2e85030 method=GET path=/api/v1/settings/metadata status=200 duration=2ms
2026/04/22 12:50:23 http request_id=517168745eb7d708 method=GET path=/api/v1/settings/scan status=200 duration=4ms
2026/04/22 12:50:23 http request_id=e72bfd4d0a1c5302 method=GET path=/api/v1/libraries status=200 duration=2ms
2026/04/22 12:50:23 http request_id=a29da7b253e6e253 method=GET path=/api/v1/system/info status=200 duration=1ms
2026/04/22 12:50:23 http request_id=81ff12d1281d2088 method=GET path=/api/v1/media-sources status=200 duration=5ms
2026/04/22 12:50:23 http request_id=0034ce37ad818c14 method=GET path=/api/v1/settings/scan status=200 duration=2ms
2026/04/22 12:50:23 http request_id=667c9540c3e543f4 method=GET path=/api/v1/settings/metadata status=200 duration=5ms
2026/04/22 12:50:23 http request_id=4fc90a6b6b2072e0 method=GET path=/api/v1/libraries status=200 duration=4ms
2026/04/22 12:50:23 http request_id=f01020207f242e6d method=GET path=/api/v1/media-sources status=200 duration=7ms
2026/04/22 12:50:23 http request_id=0d0476f07684ecba method=GET path=/api/v1/home/discovery status=200 duration=14ms
2026/04/22 12:50:23 http request_id=abd6cfa06ae24b8d method=GET path=/api/v1/home/discovery status=200 duration=2ms
2026/04/22 12:50:23 http request_id=3967a8da33eb5ce5 method=GET path=/api/v1/me status=200 duration=20ms
2026/04/22 12:50:23 http request_id=7868c1c9173972c7 method=GET path=/api/v1/me status=200 duration=1ms
2026/04/22 12:50:23 http request_id=888df7307a60c7e8 method=GET path=/api/v1/libraries/4/items status=200 duration=1ms
2026/04/22 12:50:23 http request_id=5294c0263535f751 method=GET path=/api/v1/libraries/5/items status=200 duration=0s
2026/04/22 12:50:55 http request_id=fddfc2ea54ac7911 method=GET path=/api/v1/setup/status status=200 duration=0s
2026/04/22 12:50:55 http request_id=37a455581657b520 method=GET path=/api/v1/setup/status status=200 duration=0s
2026/04/22 12:50:55 http request_id=0762bf15a712e305 method=GET path=/api/v1/system/info status=200 duration=1ms
2026/04/22 12:50:55 http request_id=296aa1eacd94554f method=GET path=/api/v1/settings/metadata status=200 duration=2ms
2026/04/22 12:50:55 http request_id=0203f4736eaa658e method=GET path=/api/v1/settings/scan status=200 duration=3ms
2026/04/22 12:50:55 http request_id=c6ef28db532547bb method=GET path=/api/v1/libraries/5/items status=200 duration=0s
2026/04/22 12:50:55 http request_id=8db9814685f2ce63 method=GET path=/api/v1/media-sources status=200 duration=4ms
2026/04/22 12:50:55 http request_id=aa6cf6891b0c4edd method=GET path=/api/v1/system/info status=200 duration=0s
2026/04/22 12:50:55 http request_id=0841171d09c906ac method=GET path=/api/v1/me status=200 duration=7ms
2026/04/22 12:50:55 http request_id=f2e82e6c49ae75ea method=GET path=/api/v1/home/discovery status=200 duration=4ms
2026/04/22 12:50:55 http request_id=93d6173b3f92163a method=GET path=/api/v1/libraries status=200 duration=6ms
2026/04/22 12:50:55 http request_id=76a19d0e300f1c1a method=GET path=/api/v1/settings/metadata status=200 duration=4ms
2026/04/22 12:50:55 http request_id=9688003b7e5cb743 method=GET path=/api/v1/media-sources status=200 duration=2ms
2026/04/22 12:50:55 http request_id=3f9f72399a67d1b5 method=GET path=/api/v1/libraries/5/items status=200 duration=0s
2026/04/22 12:50:55 http request_id=d252f9f13fe63f6e method=GET path=/api/v1/me status=200 duration=4ms
2026/04/22 12:50:55 http request_id=6e1bc88971ea1896 method=GET path=/api/v1/settings/scan status=200 duration=12ms
2026/04/22 12:50:55 http request_id=8acbfef6d2f33d67 method=GET path=/api/v1/home/discovery status=200 duration=14ms
2026/04/22 12:50:55 http request_id=27473d9e0f9ab99e method=GET path=/api/v1/libraries status=200 duration=20ms
2026/04/22 12:50:56 http request_id=78f8ef334ec5be72 method=GET path=/api/v1/setup/status status=200 duration=0s
2026/04/22 12:50:56 http request_id=67a845ef1aceae05 method=GET path=/api/v1/media-items/7 status=200 duration=1ms
2026/04/22 12:50:56 http request_id=0cdc92105b2ca994 method=GET path=/api/v1/media-items/7 status=200 duration=1ms
2026/04/22 12:50:56 http request_id=30aca709762761e4 method=GET path=/api/v1/system/info status=200 duration=0s
2026/04/22 12:50:56 http request_id=66a2616206ffe941 method=GET path=/api/v1/settings/metadata status=200 duration=1ms
2026/04/22 12:50:56 http request_id=db6bc2f936ca958a method=GET path=/api/v1/settings/scan status=200 duration=2ms
2026/04/22 12:50:56 http request_id=fe933c5f1f737c5c method=GET path=/api/v1/me status=200 duration=2ms
2026/04/22 12:50:56 http request_id=68201cd95831a757 method=GET path=/api/v1/media-sources status=200 duration=5ms
2026/04/22 12:50:56 http request_id=11540672304dc61b method=GET path=/api/v1/system/info status=200 duration=1ms
2026/04/22 12:50:56 http request_id=624647c86dec5be9 method=GET path=/api/v1/libraries/5/items status=200 duration=3ms
2026/04/22 12:50:56 http request_id=d1278aaf02797566 method=GET path=/api/v1/home/discovery status=200 duration=7ms
2026/04/22 12:50:56 http request_id=111b2940f534634a method=GET path=/api/v1/media-sources status=200 duration=2ms
2026/04/22 12:50:56 http request_id=c0e89e0f96b5a03c method=GET path=/api/v1/settings/metadata status=200 duration=6ms
2026/04/22 12:50:56 http request_id=38c13f167bc0fb0a method=GET path=/api/v1/libraries/5/items status=200 duration=4ms
2026/04/22 12:50:56 http request_id=caf373af2b6215e1 method=GET path=/api/v1/home/discovery status=200 duration=5ms
2026/04/22 12:50:56 http request_id=28adc09308b2ab11 method=GET path=/api/v1/me status=200 duration=9ms
2026/04/22 12:50:56 http request_id=9e645a8566806b22 method=GET path=/api/v1/settings/scan status=200 duration=11ms
2026/04/22 12:50:56 http request_id=f9484f2ed0a93ef9 method=GET path=/api/v1/libraries status=200 duration=21ms
2026/04/22 12:50:56 http request_id=ace20584f925ff38 method=GET path=/api/v1/libraries status=200 duration=1ms
2026/04/22 12:50:56 http request_id=568b306fd45eed8a method=GET path=/api/v1/media-items/7 status=200 duration=1ms
2026/04/22 12:50:56 http request_id=67fa2447ef4ccd9b method=GET path=/api/v1/media-items/7/progress status=400 duration=4ms
2026/04/22 12:50:56 http request_id=725960837276239d method=GET path=/api/v1/tv/2067/seasons status=200 duration=0s
2026/04/22 12:50:56 http request_id=0f081b8b04ea05b8 method=GET path=/api/v1/tv/2067/seasons status=200 duration=0s
2026/04/22 12:50:56 http request_id=e3ced91aba5114a1 method=GET path=/api/v1/tv/2067/seasons/1/episodes status=200 duration=1ms
2026/04/22 12:52:22 http request_id=4b1d2d7e3bca16c8 method=GET path=/api/v1/setup/status status=200 duration=0s
2026/04/22 12:52:22 http request_id=5e1e753e032925f5 method=GET path=/api/v1/setup/status status=200 duration=0s
2026/04/22 12:52:58 http request_id=0e71a9032c700243 method=POST path=/api/v1/auth/login status=200 duration=51ms
2026/04/22 12:52:58 http request_id=fcf6438223df5f8e method=GET path=/api/v1/system/info status=200 duration=0s
2026/04/22 12:52:58 http request_id=fc3557ec0ce0e01d method=GET path=/api/v1/settings/metadata status=200 duration=1ms
2026/04/22 12:52:58 http request_id=ddfb63ea49484966 method=GET path=/api/v1/settings/scan status=200 duration=2ms
2026/04/22 12:52:58 http request_id=76077338990bca98 method=GET path=/api/v1/media-sources status=200 duration=2ms
2026/04/22 12:52:58 http request_id=8857123815dff3eb method=GET path=/api/v1/libraries status=200 duration=3ms
2026/04/22 12:52:58 http request_id=fd83e21d80c9c03e method=GET path=/api/v1/home/discovery status=200 duration=3ms
2026/04/22 12:52:58 http request_id=b08ca3e348d20cf6 method=GET path=/api/v1/me status=200 duration=9ms
2026/04/22 12:52:59 http request_id=881ed3139cc9c45f method=GET path=/api/v1/libraries/4/items status=200 duration=1ms
2026/04/22 12:52:59 http request_id=c77175af1cc5d8b3 method=GET path=/api/v1/libraries/5/items status=200 duration=0s
2026/04/22 12:53:07 http request_id=1c3eda810b478eb7 method=GET path=/api/v1/setup/status status=200 duration=0s
2026/04/22 12:53:07 http request_id=3784e2857ada6989 method=GET path=/api/v1/system/info status=200 duration=1ms
2026/04/22 12:53:07 http request_id=57856f413db8c49d method=GET path=/api/v1/settings/metadata status=200 duration=2ms
2026/04/22 12:53:07 http request_id=375c13048fef2ddc method=GET path=/api/v1/me status=200 duration=1ms
2026/04/22 12:53:07 http request_id=6f90f854be74f5bf method=GET path=/api/v1/settings/scan status=200 duration=7ms
2026/04/22 12:53:07 http request_id=8205189ca62b651f method=GET path=/api/v1/media-sources status=200 duration=5ms
2026/04/22 12:53:07 http request_id=7139a39405a5dace method=GET path=/api/v1/me status=200 duration=1ms
2026/04/22 12:53:07 http request_id=7887240368bc32e0 method=GET path=/api/v1/libraries/5/items status=200 duration=5ms
2026/04/22 12:53:07 http request_id=f04b893aa97d9420 method=GET path=/api/v1/settings/scan status=200 duration=1ms
2026/04/22 12:53:07 http request_id=129fde85a3c7a23a method=GET path=/api/v1/libraries/5/items status=200 duration=0s
2026/04/22 12:53:07 http request_id=33d25764285035d4 method=GET path=/api/v1/media-sources status=200 duration=2ms
2026/04/22 12:53:07 http request_id=6c1d9f11d0df63d9 method=GET path=/api/v1/libraries status=200 duration=9ms
2026/04/22 12:53:07 http request_id=c212908822a4f3d0 method=GET path=/api/v1/libraries status=200 duration=1ms
2026/04/22 12:53:07 http request_id=f754f20a1cbe4533 method=GET path=/api/v1/system/info status=200 duration=9ms
2026/04/22 12:53:07 http request_id=f2de37d1f5a8b03d method=GET path=/api/v1/home/discovery status=200 duration=12ms
2026/04/22 12:53:07 http request_id=38119e95b0711a49 method=GET path=/api/v1/settings/metadata status=200 duration=9ms
2026/04/22 12:53:07 http request_id=beb7e41d5fcb8012 method=GET path=/api/v1/home/discovery status=200 duration=3ms
2026/04/22 12:53:07 http request_id=8d87091dbd993edf method=GET path=/api/v1/setup/status status=200 duration=0s
2026/04/22 12:53:07 http request_id=90a1a73d114094ae method=GET path=/api/v1/media-items/7 status=200 duration=0s
2026/04/22 12:53:07 http request_id=380f7879b5fb143a method=GET path=/api/v1/media-items/7 status=200 duration=0s
2026/04/22 12:53:07 http request_id=498f19aa36e7f987 method=GET path=/api/v1/system/info status=200 duration=1ms
2026/04/22 12:53:07 http request_id=3711d8faebb69716 method=GET path=/api/v1/settings/metadata status=200 duration=2ms
2026/04/22 12:53:07 http request_id=c1cb42d048876e4b method=GET path=/api/v1/settings/scan status=200 duration=2ms
2026/04/22 12:53:07 http request_id=2e7359ca2ab2a138 method=GET path=/api/v1/me status=200 duration=4ms
2026/04/22 12:53:07 http request_id=4cd2dad0b6e1bf9a method=GET path=/api/v1/system/info status=200 duration=0s
2026/04/22 12:53:07 http request_id=7f5f95e450ea4bba method=GET path=/api/v1/libraries/5/items status=200 duration=2ms
2026/04/22 12:53:07 http request_id=dd933fd5d1951fa8 method=GET path=/api/v1/settings/metadata status=200 duration=2ms
2026/04/22 12:53:07 http request_id=a2e5ec5e0b8e8ad7 method=GET path=/api/v1/libraries/5/items status=200 duration=0s
2026/04/22 12:53:07 http request_id=872550c98247999f method=GET path=/api/v1/settings/scan status=200 duration=5ms
2026/04/22 12:53:07 http request_id=bec71e769d3d6e39 method=GET path=/api/v1/me status=200 duration=7ms
2026/04/22 12:53:07 http request_id=3282544861c97aaf method=GET path=/api/v1/media-sources status=200 duration=15ms
2026/04/22 12:53:07 http request_id=8e779002e920a4a5 method=GET path=/api/v1/media-sources status=200 duration=1ms
2026/04/22 12:53:07 http request_id=e2a03100aef5d170 method=GET path=/api/v1/home/discovery status=200 duration=15ms
2026/04/22 12:53:07 http request_id=f242e6d0bd6d1269 method=GET path=/api/v1/home/discovery status=200 duration=1ms
2026/04/22 12:53:07 http request_id=bae872a80e3dcb63 method=GET path=/api/v1/libraries status=200 duration=19ms
2026/04/22 12:53:07 http request_id=91b8c2ddd88bec07 method=GET path=/api/v1/libraries status=200 duration=1ms
2026/04/22 12:53:07 http request_id=c90075b7708986fb method=GET path=/api/v1/media-items/7 status=200 duration=1ms
2026/04/22 12:53:07 http request_id=d1a051c52b5f3af4 method=GET path=/api/v1/media-items/7/progress status=400 duration=1ms
2026/04/22 12:53:07 http request_id=28028e7c5b3a936d method=GET path=/api/v1/tv/2067/seasons status=200 duration=0s
2026/04/22 12:53:07 http request_id=1f91ad0b3d7cd763 method=GET path=/api/v1/tv/2067/seasons status=200 duration=0s
2026/04/22 12:53:07 http request_id=bac5914c5b1fae91 method=GET path=/api/v1/tv/2067/seasons/1/episodes status=200 duration=1ms
2026/04/22 12:54:17 http request_id=92c3ed559fe8e803 method=GET path=/api/v1/setup/status status=200 duration=0s
2026/04/22 12:54:17 http request_id=634449a1b67b1810 method=GET path=/api/v1/setup/status status=200 duration=0s
2026/04/22 12:54:33 http request_id=8b06184319bad290 method=GET path=/api/v1/setup/status status=200 duration=0s
2026/04/22 12:54:33 http request_id=f9b3e167a51e5579 method=GET path=/api/v1/setup/status status=200 duration=0s
2026/04/22 12:54:33 http request_id=2675113166d86300 method=GET path=/api/v1/system/info status=200 duration=0s
2026/04/22 12:54:33 http request_id=96dcd0e932ff655f method=GET path=/api/v1/settings/metadata status=200 duration=1ms
2026/04/22 12:54:33 http request_id=72f85341ead7fb6d method=GET path=/api/v1/settings/scan status=200 duration=3ms
2026/04/22 12:54:33 http request_id=6e51756790dfbbb0 method=GET path=/api/v1/me status=200 duration=3ms
2026/04/22 12:54:33 http request_id=0ce99ac75e728a31 method=GET path=/api/v1/libraries status=200 duration=2ms
2026/04/22 12:54:33 http request_id=40569fd13867bc40 method=GET path=/api/v1/system/info status=200 duration=0s
2026/04/22 12:54:33 http request_id=327e0836ea7c3434 method=GET path=/api/v1/media-sources status=200 duration=5ms
2026/04/22 12:54:33 http request_id=28db8cd10b7270b7 method=GET path=/api/v1/settings/metadata status=200 duration=3ms
2026/04/22 12:54:33 http request_id=b3f204fe2944fe91 method=GET path=/api/v1/libraries status=200 duration=2ms
2026/04/22 12:54:33 http request_id=6aea662ad5a991bc method=GET path=/api/v1/settings/scan status=200 duration=6ms
2026/04/22 12:54:33 http request_id=6ff5b2518acea872 method=GET path=/api/v1/media-sources status=200 duration=8ms
2026/04/22 12:54:33 http request_id=6ec539dd14ee04da method=GET path=/api/v1/me status=200 duration=11ms
2026/04/22 12:54:33 http request_id=92f3c0e6f82086e8 method=GET path=/api/v1/home/discovery status=200 duration=24ms
2026/04/22 12:54:33 http request_id=64e4e69a59f6a47f method=GET path=/api/v1/home/discovery status=200 duration=2ms
2026/04/22 12:54:34 http request_id=cb0a72596f44fd93 method=GET path=/api/v1/libraries/4/items status=200 duration=1ms
2026/04/22 12:54:34 http request_id=8cc217f8fb774648 method=GET path=/api/v1/libraries/5/items status=200 duration=1ms
2026/04/22 12:54:56 http request_id=420b6235e28abf82 method=GET path=/api/v1/setup/status status=200 duration=0s
2026/04/22 12:54:56 http request_id=9ee996eac0e8ae53 method=GET path=/api/v1/system/info status=200 duration=0s
2026/04/22 12:54:56 http request_id=42d259d52b5b0252 method=GET path=/api/v1/settings/metadata status=200 duration=3ms
2026/04/22 12:54:56 http request_id=36a8fd5238d68a78 method=GET path=/api/v1/home/discovery status=200 duration=3ms
2026/04/22 12:54:56 http request_id=a01fdb3d76ae5845 method=GET path=/api/v1/system/info status=200 duration=0s
2026/04/22 12:54:56 http request_id=57b8dd2e1045e843 method=GET path=/api/v1/libraries status=200 duration=6ms
2026/04/22 12:54:56 http request_id=025bf971f0ee283d method=GET path=/api/v1/libraries/5/items status=200 duration=6ms
2026/04/22 12:54:56 http request_id=5dccb476670e64ad method=GET path=/api/v1/settings/metadata status=200 duration=3ms
2026/04/22 12:54:56 http request_id=4933c8ec51055107 method=GET path=/api/v1/libraries/5/items status=200 duration=0s
2026/04/22 12:54:56 http request_id=47c54f12d37db03b method=GET path=/api/v1/libraries status=200 duration=1ms
2026/04/22 12:54:56 http request_id=909176194701d1ae method=GET path=/api/v1/settings/scan status=200 duration=12ms
2026/04/22 12:54:56 http request_id=d1cfcb2a1e9416b6 method=GET path=/api/v1/home/discovery status=200 duration=7ms
2026/04/22 12:54:56 http request_id=37f1598386c8882a method=GET path=/api/v1/settings/scan status=200 duration=4ms
2026/04/22 12:54:56 http request_id=cbcc409dc24f4aa6 method=GET path=/api/v1/me status=200 duration=21ms
2026/04/22 12:54:56 http request_id=4aca293f3747aa07 method=GET path=/api/v1/me status=200 duration=1ms
2026/04/22 12:54:56 http request_id=da0f5f4080d8e8f2 method=GET path=/api/v1/media-sources status=200 duration=22ms
2026/04/22 12:54:56 http request_id=29775245315f6d24 method=GET path=/api/v1/media-sources status=200 duration=1ms
2026/04/22 12:54:56 http request_id=347820553c0ea264 method=GET path=/api/v1/setup/status status=200 duration=0s
2026/04/22 12:54:56 http request_id=be733e9b18fe7a7d method=GET path=/api/v1/media-items/7 status=200 duration=0s
2026/04/22 12:54:56 http request_id=88a9fd099b708527 method=GET path=/api/v1/media-items/7 status=200 duration=0s
2026/04/22 12:54:56 http request_id=05998a7720c640ad method=GET path=/api/v1/system/info status=200 duration=1ms
2026/04/22 12:54:56 http request_id=b9dc93419633a246 method=GET path=/api/v1/settings/metadata status=200 duration=2ms
2026/04/22 12:54:56 http request_id=e612d6d5d32bb8d7 method=GET path=/api/v1/settings/scan status=200 duration=3ms
2026/04/22 12:54:56 http request_id=9f5a0acc712519a7 method=GET path=/api/v1/libraries status=200 duration=4ms
2026/04/22 12:54:56 http request_id=fad79f69552e8d0a method=GET path=/api/v1/system/info status=200 duration=2ms
2026/04/22 12:54:56 http request_id=934029b7450fb981 method=GET path=/api/v1/settings/metadata status=200 duration=1ms
2026/04/22 12:54:56 http request_id=37952fa53e3f2fd9 method=GET path=/api/v1/settings/scan status=200 duration=2ms
2026/04/22 12:54:56 http request_id=d2abb55c6851aac8 method=GET path=/api/v1/me status=200 duration=10ms
2026/04/22 12:54:56 http request_id=e4363bacc29c1fb6 method=GET path=/api/v1/media-sources status=200 duration=10ms
2026/04/22 12:54:56 http request_id=ac6c50fd0598457b method=GET path=/api/v1/libraries status=200 duration=4ms
2026/04/22 12:54:56 http request_id=125c86c704bee2a3 method=GET path=/api/v1/media-sources status=200 duration=2ms
2026/04/22 12:54:56 http request_id=65f6333b17642a7d method=GET path=/api/v1/me status=200 duration=4ms
2026/04/22 12:54:56 http request_id=490ae81a1dd52e3b method=GET path=/api/v1/libraries/5/items status=200 duration=19ms
2026/04/22 12:54:56 http request_id=15386ded1231f4cd method=GET path=/api/v1/home/discovery status=200 duration=22ms
2026/04/22 12:54:56 http request_id=f0e113335a545ee3 method=GET path=/api/v1/libraries/5/items status=200 duration=1ms
2026/04/22 12:54:56 http request_id=e98c117edd58ddad method=GET path=/api/v1/home/discovery status=200 duration=2ms
2026/04/22 12:54:56 http request_id=74669362a94d3fe2 method=GET path=/api/v1/media-items/7 status=200 duration=0s
2026/04/22 12:54:56 http request_id=d23efc6149c9b60f method=GET path=/api/v1/media-items/7/progress status=400 duration=1ms
2026/04/22 12:54:56 http request_id=aec5ca903faf18ea method=GET path=/api/v1/tv/2067/seasons status=200 duration=0s
2026/04/22 12:54:56 http request_id=0cfc0fb48ac63748 method=GET path=/api/v1/tv/2067/seasons status=200 duration=0s
2026/04/22 12:54:56 http request_id=4a350564be0e3a05 method=GET path=/api/v1/tv/2067/seasons/1/episodes status=200 duration=1ms
2026/04/22 12:55:37 http request_id=7200144236a8f0f6 method=GET path=/api/v1/tv/2067/seasons status=200 duration=1ms
2026/04/22 12:55:37 http request_id=94065945f15143e5 method=GET path=/api/v1/tv/2067/seasons/1/episodes status=200 duration=1ms
2026/04/22 12:55:37 http request_id=3e721e88fc3f8b93 method=GET path=/api/v1/system/info status=200 duration=1ms
2026/04/22 12:55:37 http request_id=c298113ac415f03c method=GET path=/api/v1/settings/metadata status=200 duration=4ms
2026/04/22 12:55:37 http request_id=2f5b2f4ca907e38f method=GET path=/api/v1/tv/2067/seasons status=200 duration=3ms
2026/04/22 12:55:37 http request_id=ac7df3f7c0087caa method=GET path=/api/v1/home/discovery status=200 duration=14ms
2026/04/22 12:55:37 http request_id=464ba3da744f89e6 method=GET path=/api/v1/tv/2067/seasons status=200 duration=4ms
2026/04/22 12:55:37 http request_id=07598606c267a841 method=GET path=/api/v1/tv/2067/seasons/1/episodes status=200 duration=6ms
2026/04/22 12:55:37 http request_id=ea545effd21597ff method=GET path=/api/v1/libraries status=200 duration=22ms
2026/04/22 12:55:37 http request_id=852ead3e3e301cec method=GET path=/api/v1/system/info status=200 duration=5ms
2026/04/22 12:55:37 http request_id=ec81d1680c96dbf9 method=GET path=/api/v1/libraries/5/items status=200 duration=16ms
2026/04/22 12:55:37 http request_id=c584b89459783c09 method=GET path=/api/v1/me status=200 duration=8ms
2026/04/22 12:55:37 http request_id=2f90f066b08581e2 method=GET path=/api/v1/settings/scan status=200 duration=39ms
2026/04/22 12:55:37 http request_id=71d8f9e95079a679 method=GET path=/api/v1/system/info status=200 duration=19ms
2026/04/22 12:55:37 http request_id=a0e554456637127c method=GET path=/api/v1/settings/metadata status=200 duration=8ms
2026/04/22 12:55:37 http request_id=c5541622b1a4beaf method=GET path=/api/v1/media-sources status=200 duration=3ms
2026/04/22 12:55:37 http request_id=1d2c667e97c5689c method=GET path=/api/v1/libraries status=200 duration=10ms
2026/04/22 12:55:37 http request_id=d90a36e4754ed1f0 method=GET path=/api/v1/tv/2067/seasons status=200 duration=2ms
2026/04/22 12:55:37 http request_id=1e36f376bb0bf82b method=GET path=/api/v1/tv/2067/seasons/1/episodes status=200 duration=31ms
2026/04/22 12:55:37 http request_id=4207d7bbc4020b11 method=GET path=/api/v1/libraries/5/items status=200 duration=4ms
2026/04/22 12:55:37 http request_id=8d1680a93fe07e5e method=GET path=/api/v1/libraries/5/items status=200 duration=20ms
2026/04/22 12:55:37 http request_id=ab6fcd29aa7bad73 method=GET path=/api/v1/system/info status=200 duration=6ms
2026/04/22 12:55:37 http request_id=e3290353e886d062 method=GET path=/api/v1/me status=200 duration=32ms
2026/04/22 12:55:37 http request_id=cf3af9d60d47d084 method=GET path=/api/v1/media-items/7 status=200 duration=8ms
2026/04/22 12:55:37 http request_id=db50027ddd4d9f77 method=GET path=/api/v1/settings/metadata status=200 duration=32ms
2026/04/22 12:55:37 http request_id=e660807425f8ca78 method=GET path=/api/v1/home/discovery status=200 duration=29ms
2026/04/22 12:55:37 http request_id=e8e75481820594b5 method=GET path=/api/v1/media-sources status=200 duration=11ms
2026/04/22 12:55:37 http request_id=f47035a9ab7a130f method=GET path=/api/v1/tv/2067/seasons/2/episodes status=200 duration=8ms
2026/04/22 12:55:37 http request_id=9340fa72c2fec573 method=GET path=/api/v1/media-items/7 status=200 duration=1ms
2026/04/22 12:55:37 http request_id=39a940549a9f8b21 method=GET path=/api/v1/me status=200 duration=3ms
2026/04/22 12:55:37 http request_id=465d26fb3866eb4d method=GET path=/api/v1/libraries/5/items status=200 duration=6ms
2026/04/22 12:55:37 http request_id=daa23dfd0d6a9add method=GET path=/api/v1/home/discovery status=200 duration=30ms
2026/04/22 12:55:37 http request_id=d4cdf5536a093650 method=GET path=/api/v1/settings/metadata status=200 duration=25ms
2026/04/22 12:55:37 http request_id=be836a13d584964e method=GET path=/api/v1/me status=200 duration=74ms
2026/04/22 12:55:37 http request_id=d3fff04d84672967 method=GET path=/api/v1/media-items/7 status=200 duration=5ms
2026/04/22 12:55:37 http request_id=5b01ff6de511713d method=GET path=/api/v1/home/discovery status=200 duration=7ms
2026/04/22 12:55:37 http request_id=ce2415fd819a25ed method=GET path=/api/v1/libraries status=200 duration=53ms
2026/04/22 12:55:37 http request_id=ed77589e87659949 method=GET path=/api/v1/libraries status=200 duration=35ms
2026/04/22 12:55:37 http request_id=32bab61475428ff8 method=GET path=/api/v1/settings/scan status=200 duration=63ms
2026/04/22 12:55:37 http request_id=b6086b89e4e86f61 method=GET path=/api/v1/tv/2067/seasons/1/episodes status=200 duration=3ms
2026/04/22 12:55:37 http request_id=b102c846b89b8875 method=GET path=/api/v1/media-sources status=200 duration=100ms
2026/04/22 12:55:37 http request_id=30a29e1d3fc261a0 method=GET path=/api/v1/media-items/7/progress status=400 duration=2ms
2026/04/22 12:55:37 http request_id=6991ea82b4a4d2da method=GET path=/api/v1/media-items/7 status=200 duration=2ms
2026/04/22 12:55:37 http request_id=9c8f7873b1d00c4a method=GET path=/api/v1/media-sources status=200 duration=74ms
2026/04/22 12:55:37 http request_id=df5fc17b4134bd44 method=GET path=/api/v1/media-items/7/progress status=400 duration=4ms
2026/04/22 12:55:37 http request_id=2faa5b94600f6d8d method=GET path=/api/v1/media-items/7/progress status=400 duration=1ms
2026/04/22 12:55:37 http request_id=48594cc530582105 method=GET path=/api/v1/tv/2067/seasons status=200 duration=1ms
2026/04/22 12:55:37 http request_id=226a7edc2869e63f method=GET path=/api/v1/settings/scan status=200 duration=103ms
2026/04/22 12:55:37 http request_id=e0c3b327622c2caf method=GET path=/api/v1/tv/2067/seasons/1/episodes status=200 duration=2ms
2026/04/22 12:55:37 http request_id=fe8418cddd48cb4d method=GET path=/api/v1/settings/scan status=200 duration=1ms
2026/04/22 12:55:37 http request_id=bb8c85f8ccd0eeab method=GET path=/api/v1/tv/2067/seasons status=200 duration=1ms
2026/04/22 12:55:37 http request_id=4aa9bdef5dddb9d1 method=GET path=/api/v1/tv/2067/seasons/1/episodes status=200 duration=1ms
2026/04/22 12:55:37 http request_id=29f5b3f33e1ed867 method=GET path=/api/v1/tv/2067/seasons status=200 duration=0s
2026/04/22 12:55:37 http request_id=ce47d7cc027c28c4 method=GET path=/api/v1/tv/2067/seasons/1/episodes status=200 duration=2ms
2026/04/22 12:55:38 http request_id=affddab9252de255 method=GET path=/api/v1/media-items/7/progress status=400 duration=1ms
2026/04/22 12:55:38 http request_id=f02f940c33df67b6 method=GET path=/api/v1/tv/2067/seasons status=200 duration=1ms
2026/04/22 12:55:38 http request_id=12a6988802ba78c3 method=GET path=/api/v1/tv/2067/seasons/1/episodes status=200 duration=1ms
2026/04/22 12:56:08 http request_id=bbbcfa8d8d736294 method=GET path=/api/v1/setup/status status=200 duration=0s
2026/04/22 12:56:08 http request_id=79945d91ed29be75 method=GET path=/api/v1/setup/status status=200 duration=0s
2026/04/22 12:56:08 http request_id=4478e00b5292ce5c method=GET path=/api/v1/system/info status=200 duration=0s
2026/04/22 12:56:08 http request_id=0d9a9c726b65c89b method=GET path=/api/v1/settings/metadata status=200 duration=3ms
2026/04/22 12:56:08 http request_id=9c8e6f42e1f90e25 method=GET path=/api/v1/libraries status=200 duration=2ms
2026/04/22 12:56:08 http request_id=6011eb40b07ccef7 method=GET path=/api/v1/settings/scan status=200 duration=8ms
2026/04/22 12:56:08 http request_id=1afd9d09377db609 method=GET path=/api/v1/system/info status=200 duration=3ms
2026/04/22 12:56:08 http request_id=cfaec0b1c111cf80 method=GET path=/api/v1/libraries status=200 duration=1ms
2026/04/22 12:56:08 http request_id=c795f2d356f6903d method=GET path=/api/v1/settings/metadata status=200 duration=5ms
2026/04/22 12:56:08 http request_id=6fb8fe2635a15c3e method=GET path=/api/v1/media-sources status=200 duration=13ms
2026/04/22 12:56:08 http request_id=e7eff0f726843904 method=GET path=/api/v1/media-sources status=200 duration=1ms
2026/04/22 12:56:08 http request_id=57edafbc14c55033 method=GET path=/api/v1/home/discovery status=200 duration=13ms
2026/04/22 12:56:08 http request_id=360bd8324c642138 method=GET path=/api/v1/settings/scan status=200 duration=7ms
2026/04/22 12:56:08 http request_id=f29bce220d73ee6d method=GET path=/api/v1/home/discovery status=200 duration=2ms
2026/04/22 12:56:08 http request_id=6c078daeec9e5641 method=GET path=/api/v1/me status=200 duration=20ms
2026/04/22 12:56:08 http request_id=ae40f72d12ab8062 method=GET path=/api/v1/me status=200 duration=1ms
2026/04/22 12:56:08 http request_id=dfa81be1236fc9a5 method=GET path=/api/v1/libraries/4/items status=200 duration=1ms
2026/04/22 12:56:08 http request_id=15d7752b79f9a6b7 method=GET path=/api/v1/libraries/5/items status=200 duration=0s
2026/04/22 12:56:26 http request_id=ad7c1571ef71f524 method=GET path=/api/v1/setup/status status=200 duration=0s
2026/04/22 12:56:26 http request_id=2709da0513c449fe method=GET path=/api/v1/system/info status=200 duration=0s
2026/04/22 12:56:26 http request_id=a296cec853b9ba19 method=GET path=/api/v1/settings/metadata status=200 duration=1ms
2026/04/22 12:56:26 http request_id=b6db5795702c2658 method=GET path=/api/v1/me status=200 duration=2ms
2026/04/22 12:56:26 http request_id=213bb09f059ff8d7 method=GET path=/api/v1/libraries/5/items status=200 duration=0s
2026/04/22 12:56:26 http request_id=0fae1090c4471361 method=GET path=/api/v1/libraries status=200 duration=3ms
2026/04/22 12:56:26 http request_id=a50aa5c510ec08bc method=GET path=/api/v1/me status=200 duration=1ms
2026/04/22 12:56:26 http request_id=d1c2ec57ceb61685 method=GET path=/api/v1/system/info status=200 duration=3ms
2026/04/22 12:56:26 http request_id=07455abefdd42d6a method=GET path=/api/v1/settings/metadata status=200 duration=5ms
2026/04/22 12:56:26 http request_id=b2dcbbfd99792c7b method=GET path=/api/v1/libraries/5/items status=200 duration=1ms
2026/04/22 12:56:26 http request_id=3c58a97f9f18db8d method=GET path=/api/v1/settings/scan status=200 duration=10ms
2026/04/22 12:56:26 http request_id=d3ad1c8eba6a36a1 method=GET path=/api/v1/home/discovery status=200 duration=9ms
2026/04/22 12:56:26 http request_id=049299be8ea6d73a method=GET path=/api/v1/settings/scan status=200 duration=2ms
2026/04/22 12:56:26 http request_id=ff4d63c85ca4c970 method=GET path=/api/v1/home/discovery status=200 duration=3ms
2026/04/22 12:56:26 http request_id=8393f463a1049e7a method=GET path=/api/v1/libraries status=200 duration=9ms
2026/04/22 12:56:26 http request_id=8c2596838f25b4d5 method=GET path=/api/v1/media-sources status=200 duration=19ms
2026/04/22 12:56:26 http request_id=0f0f77c6b532f2c9 method=GET path=/api/v1/media-sources status=200 duration=1ms
2026/04/22 12:58:02 http request_id=c1320b6e2f155743 method=GET path=/api/v1/setup/status status=200 duration=0s
2026/04/22 12:58:02 http request_id=d8ba18ed8b3ccf80 method=GET path=/api/v1/media-items/7 status=200 duration=0s
2026/04/22 12:58:02 http request_id=7432a1aeaf22ac1d method=GET path=/api/v1/media-items/7 status=200 duration=0s
2026/04/22 12:58:03 http request_id=ce459d668305ae9f method=GET path=/api/v1/system/info status=200 duration=1ms
2026/04/22 12:58:03 http request_id=dc3e0628d1da4bba method=GET path=/api/v1/settings/metadata status=200 duration=2ms
2026/04/22 12:58:03 http request_id=bea9321130b1c510 method=GET path=/api/v1/settings/scan status=200 duration=3ms
2026/04/22 12:58:03 http request_id=72d3e79d5a870c87 method=GET path=/api/v1/libraries/5/items status=200 duration=0s
2026/04/22 12:58:03 http request_id=33e5cc567a24acd9 method=GET path=/api/v1/system/info status=200 duration=0s
2026/04/22 12:58:03 http request_id=cedc2084283b2452 method=GET path=/api/v1/libraries status=200 duration=3ms
2026/04/22 12:58:03 http request_id=c21cfe14fbc0a99e method=GET path=/api/v1/me status=200 duration=6ms
2026/04/22 12:58:03 http request_id=e97fe7191319ce01 method=GET path=/api/v1/libraries/5/items status=200 duration=0s
2026/04/22 12:58:03 http request_id=0481abb086124022 method=GET path=/api/v1/libraries status=200 duration=2ms
2026/04/22 12:58:03 http request_id=d1a24c2d7e91b719 method=GET path=/api/v1/settings/scan status=200 duration=4ms
2026/04/22 12:58:03 http request_id=c68dd5ae6cb1fe42 method=GET path=/api/v1/settings/metadata status=200 duration=5ms
2026/04/22 12:58:03 http request_id=0b61c4d42ff18c5a method=GET path=/api/v1/home/discovery status=200 duration=7ms
2026/04/22 12:58:03 http request_id=33d1398c4bb45115 method=GET path=/api/v1/media-sources status=200 duration=9ms
2026/04/22 12:58:03 http request_id=393862ae53b07002 method=GET path=/api/v1/home/discovery status=200 duration=1ms
2026/04/22 12:58:03 http request_id=16cc068710e17975 method=GET path=/api/v1/me status=200 duration=5ms
2026/04/22 12:58:03 http request_id=18c399f9f5178e8e method=GET path=/api/v1/media-sources status=200 duration=4ms
2026/04/22 12:58:03 http request_id=175a590af4f4041d method=GET path=/api/v1/media-items/7 status=200 duration=1ms
2026/04/22 12:58:03 http request_id=f2633259c8870093 method=GET path=/api/v1/media-items/7/progress status=400 duration=2ms
2026/04/22 12:58:03 http request_id=27e5bc954fe8283f method=GET path=/api/v1/tv/2067/seasons status=200 duration=0s
2026/04/22 12:58:03 http request_id=7320737899ca065e method=GET path=/api/v1/tv/2067/seasons status=200 duration=0s
2026/04/22 12:58:03 http request_id=3f2bfeb5ae5fe0b3 method=GET path=/api/v1/tv/2067/seasons/1/episodes status=200 duration=1ms
2026/04/22 12:58:44 http request_id=50f5f8063ac35ecb method=GET path=/api/v1/setup/status status=200 duration=0s
2026/04/22 12:58:44 http request_id=d92f18c7755de46f method=GET path=/api/v1/system/info status=200 duration=1ms
2026/04/22 12:58:44 http request_id=3ac07c6bb1692b0c method=GET path=/api/v1/me status=200 duration=2ms
2026/04/22 12:58:44 http request_id=f2da85c02ee1b4e7 method=GET path=/api/v1/libraries/5/items status=200 duration=0s
2026/04/22 12:58:44 http request_id=6aa9a92a12fce31c method=GET path=/api/v1/libraries status=200 duration=4ms
2026/04/22 12:58:44 http request_id=18979859113aadca method=GET path=/api/v1/system/info status=200 duration=1ms
2026/04/22 12:58:44 http request_id=6be2d3d6cb9038d9 method=GET path=/api/v1/me status=200 duration=1ms
2026/04/22 12:58:44 http request_id=fcd9929f3950ba36 method=GET path=/api/v1/libraries/5/items status=200 duration=0s
2026/04/22 12:58:44 http request_id=9cc84f8e606265a1 method=GET path=/api/v1/libraries status=200 duration=2ms
2026/04/22 12:58:44 http request_id=c9856e805e554fd9 method=GET path=/api/v1/settings/metadata status=200 duration=11ms
2026/04/22 12:58:44 http request_id=c9810482ae85d07b method=GET path=/api/v1/settings/scan status=200 duration=11ms
2026/04/22 12:58:44 http request_id=c745dc55a2674a4e method=GET path=/api/v1/settings/metadata status=200 duration=2ms
2026/04/22 12:58:44 http request_id=7187729b6b24ca65 method=GET path=/api/v1/media-sources status=200 duration=14ms
2026/04/22 12:58:44 http request_id=471dfe07f2f48b39 method=GET path=/api/v1/media-sources status=200 duration=1ms
2026/04/22 12:58:44 http request_id=50f028e431352a75 method=GET path=/api/v1/settings/scan status=200 duration=6ms
2026/04/22 12:58:44 http request_id=a046833d60ef4648 method=GET path=/api/v1/home/discovery status=200 duration=18ms
2026/04/22 12:58:44 http request_id=4323d5d7f56f0d48 method=GET path=/api/v1/home/discovery status=200 duration=2ms
2026/04/22 12:59:17 http request_id=ca0a892d733d2022 method=GET path=/api/v1/setup/status status=200 duration=0s
2026/04/22 12:59:17 http request_id=8c3023a6b20a9b28 method=GET path=/api/v1/media-items/7 status=200 duration=0s
2026/04/22 12:59:17 http request_id=aac28278cf7a1126 method=GET path=/api/v1/media-items/7 status=200 duration=0s
2026/04/22 12:59:17 http request_id=656543f087327417 method=GET path=/api/v1/system/info status=200 duration=0s
2026/04/22 12:59:17 http request_id=0805dfa1a4c24f29 method=GET path=/api/v1/settings/metadata status=200 duration=3ms
2026/04/22 12:59:17 http request_id=d8e8b221a8bf8255 method=GET path=/api/v1/media-sources status=200 duration=4ms
2026/04/22 12:59:17 http request_id=da115424b73d166f method=GET path=/api/v1/libraries/5/items status=200 duration=2ms
2026/04/22 12:59:17 http request_id=7e09091a84739fa7 method=GET path=/api/v1/system/info status=200 duration=0s
2026/04/22 12:59:17 http request_id=f60bfd10e5b0fdc6 method=GET path=/api/v1/libraries status=200 duration=6ms
2026/04/22 12:59:17 http request_id=1a520f63a9605ab7 method=GET path=/api/v1/libraries/5/items status=200 duration=0s
2026/04/22 12:59:17 http request_id=6f68d6c37bb83bb0 method=GET path=/api/v1/settings/scan status=200 duration=9ms
2026/04/22 12:59:17 http request_id=5f224562dd10d375 method=GET path=/api/v1/settings/metadata status=200 duration=5ms
2026/04/22 12:59:17 http request_id=49d10048d90570b4 method=GET path=/api/v1/libraries status=200 duration=5ms
2026/04/22 12:59:17 http request_id=914040590d623893 method=GET path=/api/v1/media-sources status=200 duration=9ms
2026/04/22 12:59:17 http request_id=836fd3d72c29e95a method=GET path=/api/v1/home/discovery status=200 duration=14ms
2026/04/22 12:59:17 http request_id=755c9a35055f53c6 method=GET path=/api/v1/home/discovery status=200 duration=2ms
2026/04/22 12:59:17 http request_id=6bc00e0b8ace9a0f method=GET path=/api/v1/me status=200 duration=19ms
2026/04/22 12:59:17 http request_id=047d24d89ba8b30e method=GET path=/api/v1/me status=200 duration=1ms
2026/04/22 12:59:17 http request_id=dcfb059007c3ea05 method=GET path=/api/v1/settings/scan status=200 duration=12ms
2026/04/22 12:59:17 http request_id=c4cd881513d8a72a method=GET path=/api/v1/media-items/7 status=200 duration=1ms
2026/04/22 12:59:17 http request_id=a2d08c9dd7f69b9c method=GET path=/api/v1/media-items/7/progress status=400 duration=1ms
2026/04/22 12:59:17 http request_id=8273c288371d90dd method=GET path=/api/v1/tv/2067/seasons status=200 duration=1ms
2026/04/22 12:59:17 http request_id=339d7679a31bb0ae method=GET path=/api/v1/tv/2067/seasons status=200 duration=0s
2026/04/22 12:59:18 http request_id=8da468f9961592f6 method=GET path=/api/v1/tv/2067/seasons/1/episodes status=200 duration=1ms
2026/04/22 13:01:34 http request_id=62d9a9851614ecad method=GET path=/api/v1/setup/status status=200 duration=0s
2026/04/22 13:01:34 http request_id=021b9204403f3b6d method=GET path=/api/v1/system/info status=200 duration=0s
2026/04/22 13:01:34 http request_id=fd9198af5e378f15 method=GET path=/api/v1/settings/metadata status=200 duration=4ms
2026/04/22 13:01:34 http request_id=f692ca62a106e355 method=GET path=/api/v1/libraries status=200 duration=1ms
2026/04/22 13:01:34 http request_id=3192634753e98fa6 method=GET path=/api/v1/libraries/5/items status=200 duration=0s
2026/04/22 13:01:34 http request_id=80aa5e8176cace5b method=GET path=/api/v1/settings/scan status=200 duration=8ms
2026/04/22 13:01:34 http request_id=29803cad8759d523 method=GET path=/api/v1/libraries status=200 duration=1ms
2026/04/22 13:01:34 http request_id=6c0bf49bd9960918 method=GET path=/api/v1/libraries/5/items status=200 duration=0s
2026/04/22 13:01:34 http request_id=ad1230b3ede6b0d0 method=GET path=/api/v1/settings/metadata status=200 duration=6ms
2026/04/22 13:01:34 http request_id=ef640f6ec0450ba6 method=GET path=/api/v1/media-sources status=200 duration=11ms
2026/04/22 13:01:34 http request_id=3ecfa66cca3b9dda method=GET path=/api/v1/system/info status=200 duration=8ms
2026/04/22 13:01:34 http request_id=9eabf2c08ee0214f method=GET path=/api/v1/home/discovery status=200 duration=10ms
2026/04/22 13:01:34 http request_id=3c250016f697f979 method=GET path=/api/v1/media-sources status=200 duration=1ms
2026/04/22 13:01:34 http request_id=be9d5e8f8cd17e5c method=GET path=/api/v1/settings/scan status=200 duration=5ms
2026/04/22 13:01:34 http request_id=13fba858bdb896fc method=GET path=/api/v1/home/discovery status=200 duration=4ms
2026/04/22 13:01:34 http request_id=b68d0613cc2ddb80 method=GET path=/api/v1/me status=200 duration=23ms
2026/04/22 13:01:34 http request_id=f4f32ab23701f660 method=GET path=/api/v1/me status=200 duration=1ms
