2026/04/20 08:39:11 mibo-media-server listening on :8080
2026/04/20 08:39:14 http request_id=1d28f18ebee78672 method=GET path=/api/v1/home/recently-added status=200 duration=0s
2026/04/20 08:41:24 http request_id=773ee480326fc444 method=GET path=/api/v1/setup/status status=200 duration=2ms
2026/04/20 08:41:24 http request_id=6e30f4c627f41511 method=GET path=/api/v1/setup/status status=200 duration=0s
2026/04/20 08:41:24 http request_id=8a543e59a0cc0af7 method=GET path=/api/v1/me status=200 duration=2ms
2026/04/20 08:41:24 http request_id=341a3030be01639c method=GET path=/api/v1/media-sources status=200 duration=0s
2026/04/20 08:41:24 http request_id=679be83e5149867e method=GET path=/api/v1/home/recently-added status=200 duration=0s
2026/04/20 08:41:24 http request_id=487b5a266518c250 method=GET path=/api/v1/me status=200 duration=8ms
2026/04/20 08:41:24 http request_id=7d04c34bd493bae7 method=GET path=/api/v1/media-sources status=200 duration=2ms
2026/04/20 08:41:24 http request_id=18848b5b75568501 method=GET path=/api/v1/libraries status=200 duration=8ms
2026/04/20 08:41:24 http request_id=098deb052bb27da6 method=GET path=/api/v1/home/recently-added status=200 duration=5ms
2026/04/20 08:41:24 http request_id=43b710105bc6e0ac method=GET path=/api/v1/me/recently-played status=200 duration=17ms
2026/04/20 08:41:24 http request_id=97811631ddd29f71 method=GET path=/api/v1/me/continue-watching status=200 duration=19ms
2026/04/20 08:41:24 http request_id=b535b2ce7f61a21e method=GET path=/api/v1/libraries status=200 duration=8ms
2026/04/20 08:41:24 http request_id=40abc0e919cfa43b method=GET path=/api/v1/me/recently-played status=200 duration=3ms
2026/04/20 08:41:24 http request_id=2ba7bfc3860bf6fc method=GET path=/api/v1/me/continue-watching status=200 duration=5ms
2026/04/20 08:41:25 http request_id=f04827119b2378e8 method=GET path=/api/v1/libraries/1/items status=200 duration=1ms
2026/04/20 08:43:07 http request_id=116fe7e251fd1acc method=GET path=/api/v1/media-sources status=200 duration=0s
2026/04/20 08:43:07 http request_id=1685686abb085b86 method=GET path=/api/v1/me status=200 duration=3ms
2026/04/20 08:43:07 http request_id=90976c3d318a6eef method=GET path=/api/v1/libraries status=200 duration=1ms
2026/04/20 08:43:07 http request_id=649f28f12769be3d method=GET path=/api/v1/me/continue-watching status=200 duration=2ms
2026/04/20 08:43:07 http request_id=7c0ba5fc92b64b3b method=GET path=/api/v1/me/recently-played status=200 duration=3ms
2026/04/20 08:43:07 http request_id=f2a45b95d4d1c32f method=GET path=/api/v1/home/recently-added status=200 duration=5ms
2026/04/20 08:44:56 http request_id=e8ad7b20474d60ad method=GET path=/api/v1/me status=200 duration=2ms
2026/04/20 08:44:56 http request_id=8f83874e89d9fd37 method=GET path=/api/v1/media-sources status=200 duration=1ms
2026/04/20 08:44:56 http request_id=8db353fac410060d method=GET path=/api/v1/libraries status=200 duration=1ms
2026/04/20 08:44:56 http request_id=fe5eb3b6f05884a6 method=GET path=/api/v1/home/recently-added status=200 duration=2ms
2026/04/20 08:44:56 http request_id=2cf2dbc41e26b9ff method=GET path=/api/v1/me/recently-played status=200 duration=3ms
2026/04/20 08:44:56 http request_id=ee1766b2ccd456dd method=GET path=/api/v1/me/continue-watching status=200 duration=5ms
2026/04/20 08:45:46 http request_id=2499a6713206249f method=GET path=/api/v1/media-sources status=200 duration=0s
2026/04/20 08:45:46 http request_id=5f2e487a34d03f2b method=GET path=/api/v1/me status=200 duration=1ms
2026/04/20 08:45:46 http request_id=73e2ed9818b48fa3 method=GET path=/api/v1/libraries status=200 duration=0s
2026/04/20 08:45:46 http request_id=38006c0596db7fd8 method=GET path=/api/v1/me/continue-watching status=200 duration=3ms
2026/04/20 08:45:46 http request_id=70b668eff4ead20d method=GET path=/api/v1/me/recently-played status=200 duration=3ms
2026/04/20 08:45:46 http request_id=77ca8008aedf9364 method=GET path=/api/v1/home/recently-added status=200 duration=4ms
2026/04/20 08:45:52 http request_id=7899a4502f7c1502 method=GET path=/api/v1/setup/status status=200 duration=1ms
2026/04/20 08:45:52 http request_id=98a7d85bdad1be6c method=GET path=/api/v1/setup/status status=200 duration=0s
2026/04/20 08:45:52 http request_id=22cf44f8d31eff49 method=GET path=/api/v1/me/recently-played status=200 duration=4ms
2026/04/20 08:45:52 http request_id=287dbbf7ec0b15a1 method=GET path=/api/v1/media-sources status=200 duration=4ms
2026/04/20 08:45:52 http request_id=7fa77f653508c228 method=GET path=/api/v1/libraries status=200 duration=3ms
2026/04/20 08:45:52 http request_id=9a0520ca55b03bff method=GET path=/api/v1/home/recently-added status=200 duration=4ms
2026/04/20 08:45:52 http request_id=236104797a0e037b method=GET path=/api/v1/me/continue-watching status=200 duration=9ms
2026/04/20 08:45:52 http request_id=0dfc43681d372135 method=GET path=/api/v1/home/recently-added status=200 duration=2ms
2026/04/20 08:45:52 http request_id=2659623ab652bb1e method=GET path=/api/v1/libraries status=200 duration=2ms
2026/04/20 08:45:52 http request_id=4bf7f3927c6b97fa method=GET path=/api/v1/media-sources status=200 duration=5ms
2026/04/20 08:45:52 http request_id=88821d170f116e6a method=GET path=/api/v1/me status=200 duration=16ms
2026/04/20 08:45:52 http request_id=36f219768c9e9e6f method=GET path=/api/v1/me/recently-played status=200 duration=18ms
2026/04/20 08:45:52 http request_id=28ce035d1cbf17bf method=GET path=/api/v1/me status=200 duration=12ms
2026/04/20 08:45:52 http request_id=34d6f215f65cbb8a method=GET path=/api/v1/me/continue-watching status=200 duration=27ms
2026/04/20 08:45:52 http request_id=32a4160d03a8499b method=GET path=/api/v1/libraries/1/items status=200 duration=0s
2026/04/20 08:46:27 http request_id=11ac513345e66b32 method=GET path=/api/v1/me status=200 duration=1ms
2026/04/20 08:46:27 http request_id=6683caa8f3588225 method=GET path=/api/v1/media-sources status=200 duration=1ms
2026/04/20 08:46:27 http request_id=2d71720126d80793 method=GET path=/api/v1/me/continue-watching status=200 duration=2ms
2026/04/20 08:46:27 http request_id=6080af3841e2b998 method=GET path=/api/v1/libraries status=200 duration=5ms
2026/04/20 08:46:27 http request_id=ded4e20af5617486 method=GET path=/api/v1/home/recently-added status=200 duration=4ms
2026/04/20 08:46:27 http request_id=6614d6dc46d7fe8f method=GET path=/api/v1/me/recently-played status=200 duration=5ms
2026/04/20 08:46:55 http request_id=1faf1c74617abc12 method=GET path=/api/v1/media-sources status=200 duration=0s
2026/04/20 08:46:55 http request_id=6d1a5c9727af777b method=GET path=/api/v1/libraries status=200 duration=0s
2026/04/20 08:46:55 http request_id=1c84e15f87957e35 method=GET path=/api/v1/me status=200 duration=3ms
2026/04/20 08:46:55 http request_id=201e52f1d2fb952b method=GET path=/api/v1/me/continue-watching status=200 duration=4ms
2026/04/20 08:46:55 http request_id=1b8cbc63cc11e947 method=GET path=/api/v1/home/recently-added status=200 duration=4ms
2026/04/20 08:46:55 http request_id=f8737abf960a39f5 method=GET path=/api/v1/me/recently-played status=200 duration=7ms
2026/04/20 08:47:30 http request_id=17134889ff304756 method=GET path=/api/v1/media-sources status=200 duration=0s
2026/04/20 08:47:30 http request_id=e37e82f7db9e98d5 method=GET path=/api/v1/me status=200 duration=1ms
2026/04/20 08:47:30 http request_id=099f1e0306c0e94d method=GET path=/api/v1/libraries status=200 duration=1ms
2026/04/20 08:47:30 http request_id=40c36ba4600b0672 method=GET path=/api/v1/me/continue-watching status=200 duration=3ms
2026/04/20 08:47:30 http request_id=834a33f33fd092b6 method=GET path=/api/v1/home/recently-added status=200 duration=4ms
2026/04/20 08:47:30 http request_id=34bf101529dd1dde method=GET path=/api/v1/me/recently-played status=200 duration=5ms
2026/04/20 08:48:15 http request_id=a71c187c452cc6a8 method=GET path=/api/v1/me status=200 duration=3ms
2026/04/20 08:48:15 http request_id=5c94bb8566c640a2 method=GET path=/api/v1/home/recently-added status=200 duration=1ms
2026/04/20 08:48:15 http request_id=3c740e8867fbd804 method=GET path=/api/v1/media-sources status=200 duration=3ms
2026/04/20 08:48:15 http request_id=5a6fd5b0754e38f4 method=GET path=/api/v1/me/continue-watching status=200 duration=6ms
2026/04/20 08:48:15 http request_id=45ae80335141e49f method=GET path=/api/v1/me/recently-played status=200 duration=6ms
2026/04/20 08:48:15 http request_id=eb19d69e3d505b8e method=GET path=/api/v1/libraries status=200 duration=12ms
2026/04/20 08:49:25 http request_id=6b2b141f2aedff83 method=GET path=/api/v1/media-sources status=200 duration=0s
2026/04/20 08:49:25 http request_id=ee46016a13de1ab6 method=GET path=/api/v1/me status=200 duration=2ms
2026/04/20 08:49:25 http request_id=cad3fbee894478fb method=GET path=/api/v1/libraries status=200 duration=1ms
2026/04/20 08:49:25 http request_id=4fb9ac9b9746d814 method=GET path=/api/v1/me/continue-watching status=200 duration=1ms
2026/04/20 08:49:25 http request_id=ec0602dc586240be method=GET path=/api/v1/home/recently-added status=200 duration=1ms
2026/04/20 08:49:25 http request_id=e44a86d108a42500 method=GET path=/api/v1/me/recently-played status=200 duration=2ms
2026/04/20 08:54:24 http request_id=848a07f79c4817a9 method=GET path=/api/v1/me status=200 duration=1ms
2026/04/20 08:54:24 http request_id=d74ce2330d16f4ae method=GET path=/api/v1/media-sources status=200 duration=1ms
2026/04/20 08:54:24 http request_id=a15ab12bc1eaf188 method=GET path=/api/v1/me/continue-watching status=200 duration=3ms
2026/04/20 08:54:24 http request_id=0df87f33ac44c5b5 method=GET path=/api/v1/home/recently-added status=200 duration=3ms
2026/04/20 08:54:24 http request_id=8050e57fe9cc246f method=GET path=/api/v1/libraries status=200 duration=5ms
2026/04/20 08:54:24 http request_id=9b31f2ec33a2f9b4 method=GET path=/api/v1/me/recently-played status=200 duration=4ms
2026/04/20 08:54:32 http request_id=d89ab5c87d48eb5c method=GET path=/api/v1/me status=200 duration=2ms
2026/04/20 08:54:32 http request_id=9299c26048bacf93 method=GET path=/api/v1/media-sources status=200 duration=1ms
2026/04/20 08:54:32 http request_id=58f54ce28a0a5b23 method=GET path=/api/v1/libraries status=200 duration=2ms
2026/04/20 08:54:32 http request_id=28f9b93e0dbe6974 method=GET path=/api/v1/me/continue-watching status=200 duration=2ms
2026/04/20 08:54:32 http request_id=e1d1ca1b61178fee method=GET path=/api/v1/home/recently-added status=200 duration=1ms
2026/04/20 08:54:32 http request_id=0584e0e28680f6bc method=GET path=/api/v1/me/recently-played status=200 duration=4ms
2026/04/20 08:54:53 http request_id=aae177f6ea9ee614 method=GET path=/api/v1/setup/status status=200 duration=1ms
2026/04/20 08:54:53 http request_id=2e1ec7e3db03788e method=GET path=/api/v1/setup/status status=200 duration=0s
2026/04/20 08:54:53 http request_id=7fe64ff38717335a method=GET path=/api/v1/media-sources status=200 duration=1ms
2026/04/20 08:54:53 http request_id=e0b6ee984870a11b method=GET path=/api/v1/me status=200 duration=4ms
2026/04/20 08:54:53 http request_id=b26aabec95f5c536 method=GET path=/api/v1/media-sources status=200 duration=0s
2026/04/20 08:54:53 http request_id=426b05ab89556ac8 method=GET path=/api/v1/me status=200 duration=8ms
2026/04/20 08:54:53 http request_id=f9cf3201ad95b547 method=GET path=/api/v1/home/recently-added status=200 duration=7ms
2026/04/20 08:54:53 http request_id=2948160accbbfb22 method=GET path=/api/v1/libraries status=200 duration=7ms
2026/04/20 08:54:53 http request_id=714f50c155ff07c8 method=GET path=/api/v1/me/continue-watching status=200 duration=10ms
2026/04/20 08:54:53 http request_id=89a456848b706b45 method=GET path=/api/v1/me/recently-played status=200 duration=13ms
2026/04/20 08:54:53 http request_id=808ff771f313fe83 method=GET path=/api/v1/me/continue-watching status=200 duration=3ms
2026/04/20 08:54:53 http request_id=5742120e2e0233a9 method=GET path=/api/v1/me/recently-played status=200 duration=3ms
2026/04/20 08:54:53 http request_id=965bc3df7a26ad58 method=GET path=/api/v1/home/recently-added status=200 duration=10ms
2026/04/20 08:54:53 http request_id=d0b97cd3e62921a0 method=GET path=/api/v1/libraries status=200 duration=9ms
2026/04/20 08:54:53 http request_id=367bcb229c7e51e3 method=GET path=/api/v1/libraries/1/items status=200 duration=1ms
2026/04/20 08:56:13 http request_id=01bf42c2e4f1b9d6 method=GET path=/api/v1/setup/status status=200 duration=0s
2026/04/20 08:56:13 http request_id=af4f634f04fd8e7f method=GET path=/api/v1/setup/status status=200 duration=0s
2026/04/20 08:56:38 http request_id=357a05a62384ff06 method=POST path=/api/v1/auth/login status=200 duration=49ms
2026/04/20 08:56:38 http request_id=517fe584414ad12f method=GET path=/api/v1/media-sources status=200 duration=0s
2026/04/20 08:56:38 http request_id=5323a9e0a62c6e33 method=GET path=/api/v1/me status=200 duration=1ms
2026/04/20 08:56:38 http request_id=43063a2d096ba941 method=GET path=/api/v1/libraries status=200 duration=0s
2026/04/20 08:56:38 http request_id=4909aed39e759a44 method=GET path=/api/v1/me/continue-watching status=200 duration=1ms
2026/04/20 08:56:38 http request_id=36ac7ea3596ad1cb method=GET path=/api/v1/home/recently-added status=200 duration=1ms
2026/04/20 08:56:38 http request_id=531a5ebe96937c00 method=GET path=/api/v1/me/recently-played status=200 duration=2ms
2026/04/20 08:56:38 http request_id=9fc899e56fe15b2b method=GET path=/api/v1/libraries/1/items status=200 duration=0s
2026/04/20 08:57:32 http request_id=7667748bfd47315c method=GET path=/api/v1/media-sources status=200 duration=0s
2026/04/20 08:57:32 http request_id=f32353c0de473302 method=GET path=/api/v1/me status=200 duration=3ms
2026/04/20 08:57:32 http request_id=1f292033901a61d0 method=GET path=/api/v1/libraries status=200 duration=1ms
2026/04/20 08:57:32 http request_id=57a5acafe4585e2b method=GET path=/api/v1/me/continue-watching status=200 duration=2ms
2026/04/20 08:57:32 http request_id=1b61614a7250e186 method=GET path=/api/v1/home/recently-added status=200 duration=4ms
2026/04/20 08:57:32 http request_id=20b6f2f2ca505ac2 method=GET path=/api/v1/me/recently-played status=200 duration=5ms
2026/04/20 08:57:32 http request_id=bcdac6da74ca3218 method=GET path=/api/v1/media-sources status=200 duration=0s
2026/04/20 08:57:32 http request_id=2e79d696ad4be53d method=GET path=/api/v1/libraries status=200 duration=0s
2026/04/20 08:57:32 http request_id=796d065c9b8fe08b method=GET path=/api/v1/me status=200 duration=1ms
2026/04/20 08:57:32 http request_id=d2adc619b766d30a method=GET path=/api/v1/me/continue-watching status=200 duration=2ms
2026/04/20 08:57:32 http request_id=28d9b1737f7baef8 method=GET path=/api/v1/home/recently-added status=200 duration=1ms
2026/04/20 08:57:32 http request_id=c6a663ead6a644db method=GET path=/api/v1/me/recently-played status=200 duration=4ms
2026/04/20 08:57:55 http request_id=33624eb5f917d540 method=GET path=/api/v1/setup/status status=200 duration=0s
2026/04/20 08:57:55 http request_id=fe52a2f54eece5a8 method=GET path=/api/v1/setup/status status=200 duration=1ms
2026/04/20 08:57:55 http request_id=bcaf390297ecb10a method=GET path=/api/v1/media-sources status=200 duration=0s
2026/04/20 08:57:55 http request_id=fa84d22437b3f0a6 method=GET path=/api/v1/me status=200 duration=3ms
2026/04/20 08:57:55 http request_id=9a639c6e99951012 method=GET path=/api/v1/me/continue-watching status=200 duration=2ms
2026/04/20 08:57:55 http request_id=ff5041bcca628fb1 method=GET path=/api/v1/home/recently-added status=200 duration=2ms
2026/04/20 08:57:55 http request_id=5b41e6352de0ac73 method=GET path=/api/v1/media-sources status=200 duration=0s
2026/04/20 08:57:55 http request_id=1f68ce767e96154f method=GET path=/api/v1/me status=200 duration=3ms
2026/04/20 08:57:55 http request_id=0e47c0f553117252 method=GET path=/api/v1/home/recently-added status=200 duration=0s
2026/04/20 08:57:55 http request_id=cbd30f25051278f9 method=GET path=/api/v1/me/continue-watching status=200 duration=3ms
2026/04/20 08:57:55 http request_id=aee0abe7ae9a39d4 method=GET path=/api/v1/libraries status=200 duration=8ms
2026/04/20 08:57:55 http request_id=a554254d548d62e3 method=GET path=/api/v1/libraries status=200 duration=0s
2026/04/20 08:57:55 http request_id=87c91e86c98427cd method=GET path=/api/v1/me/recently-played status=200 duration=10ms
2026/04/20 08:57:55 http request_id=e2a751bbd2b451dd method=GET path=/api/v1/me/recently-played status=200 duration=1ms
2026/04/20 08:57:56 http request_id=b7c39c3cdb2065fb method=GET path=/api/v1/libraries/1/items status=200 duration=1ms
2026/04/20 08:58:49 http request_id=1bd8be6c5bfe9e5c method=GET path=/api/v1/me status=200 duration=3ms
2026/04/20 08:58:49 http request_id=bea469c98e472ca4 method=GET path=/api/v1/media-sources status=200 duration=3ms
2026/04/20 08:58:49 http request_id=f4b56900fab3546c method=GET path=/api/v1/libraries status=200 duration=4ms
2026/04/20 08:58:49 http request_id=42c657cdfad4d6d1 method=GET path=/api/v1/home/recently-added status=200 duration=4ms
2026/04/20 08:58:49 http request_id=0a36c71a34875632 method=GET path=/api/v1/me/continue-watching status=200 duration=6ms
2026/04/20 08:58:49 http request_id=795617926947a373 method=GET path=/api/v1/me/recently-played status=200 duration=8ms
2026/04/20 08:58:55 http request_id=656a8cb3328b9c9d method=GET path=/api/v1/setup/status status=200 duration=0s
2026/04/20 08:58:55 http request_id=48a4c9718c73118a method=GET path=/api/v1/setup/status status=200 duration=0s
2026/04/20 08:58:55 http request_id=09df0e01f5173a4b method=GET path=/api/v1/media-sources status=200 duration=0s
2026/04/20 08:58:55 http request_id=55a0e18aaf8b8493 method=GET path=/api/v1/me status=200 duration=3ms
2026/04/20 08:58:55 http request_id=ca26b6584b19602f method=GET path=/api/v1/libraries status=200 duration=4ms
2026/04/20 08:58:55 http request_id=ab6626c8b34e815a method=GET path=/api/v1/home/recently-added status=200 duration=4ms
2026/04/20 08:58:55 http request_id=17af2ccecbdc68f9 method=GET path=/api/v1/me/continue-watching status=200 duration=7ms
2026/04/20 08:58:55 http request_id=f845b1c6746a606b method=GET path=/api/v1/media-sources status=200 duration=2ms
2026/04/20 08:58:55 http request_id=dd99c879a5d1f073 method=GET path=/api/v1/me status=200 duration=3ms
2026/04/20 08:58:55 http request_id=5af9bcfffe6e4dcc method=GET path=/api/v1/libraries status=200 duration=1ms
2026/04/20 08:58:55 http request_id=7306521c85d3725f method=GET path=/api/v1/home/recently-added status=200 duration=2ms
2026/04/20 08:58:55 http request_id=eea14ab3795d4a57 method=GET path=/api/v1/me/continue-watching status=200 duration=4ms
2026/04/20 08:58:55 http request_id=baeda9e7728d550e method=GET path=/api/v1/me/recently-played status=200 duration=15ms
2026/04/20 08:58:55 http request_id=778aa56c80ac3c73 method=GET path=/api/v1/me/recently-played status=200 duration=2ms
2026/04/20 08:58:55 http request_id=55e7dabfb8c549ad method=GET path=/api/v1/libraries/1/items status=200 duration=0s
2026/04/20 08:59:05 http request_id=d281b6edc7c27d2a method=GET path=/api/v1/media-sources status=200 duration=0s
2026/04/20 08:59:05 http request_id=b0ecbfd04897917f method=GET path=/api/v1/libraries status=200 duration=0s
2026/04/20 08:59:05 http request_id=9b7ff1b3f993b4d2 method=GET path=/api/v1/me status=200 duration=1ms
2026/04/20 08:59:05 http request_id=ea6c52b5fe1d318a method=GET path=/api/v1/me/recently-played status=200 duration=3ms
2026/04/20 08:59:05 http request_id=1c1ea0c3c91667d4 method=GET path=/api/v1/home/recently-added status=200 duration=5ms
2026/04/20 08:59:05 http request_id=ec829b70d725f2b1 method=GET path=/api/v1/me/continue-watching status=200 duration=6ms
2026/04/20 08:59:17 http request_id=8c7967733105ab2a method=GET path=/api/v1/media-sources status=200 duration=0s
2026/04/20 08:59:17 http request_id=5e78de461fbb6c4a method=GET path=/api/v1/libraries status=200 duration=1ms
2026/04/20 08:59:17 http request_id=ddb6e6089b19649d method=GET path=/api/v1/me status=200 duration=2ms
2026/04/20 08:59:17 http request_id=c65310c36d3711df method=GET path=/api/v1/me/recently-played status=200 duration=3ms
2026/04/20 08:59:17 http request_id=64f83956f896aa83 method=GET path=/api/v1/home/recently-added status=200 duration=5ms
2026/04/20 08:59:17 http request_id=61b1562da8f2da65 method=GET path=/api/v1/me/continue-watching status=200 duration=7ms
2026/04/20 08:59:26 http request_id=00cb08ee45cec44c method=GET path=/api/v1/setup/status status=200 duration=2ms
2026/04/20 08:59:26 http request_id=e8df2d44086669d4 method=GET path=/api/v1/setup/status status=200 duration=0s
2026/04/20 08:59:26 http request_id=e79104b5141dd286 method=GET path=/api/v1/me status=200 duration=1ms
2026/04/20 08:59:26 http request_id=bcf24f9002d35796 method=GET path=/api/v1/media-sources status=200 duration=0s
2026/04/20 08:59:26 http request_id=d1c3e683cb4bccd3 method=GET path=/api/v1/libraries status=200 duration=0s
2026/04/20 08:59:26 http request_id=02b1afd3f389d56b method=GET path=/api/v1/me/continue-watching status=200 duration=2ms
2026/04/20 08:59:26 http request_id=233768e8e7387926 method=GET path=/api/v1/home/recently-added status=200 duration=0s
2026/04/20 08:59:26 http request_id=3418b5810e8e65f9 method=GET path=/api/v1/me/recently-played status=200 duration=2ms
2026/04/20 08:59:26 http request_id=69ab492749cb5c85 method=GET path=/api/v1/media-sources status=200 duration=2ms
2026/04/20 08:59:26 http request_id=5622b46f9daba01d method=GET path=/api/v1/me status=200 duration=3ms
2026/04/20 08:59:26 http request_id=8a4b247e4c249626 method=GET path=/api/v1/libraries status=200 duration=0s
2026/04/20 08:59:26 http request_id=acc2e9442d05222c method=GET path=/api/v1/me/continue-watching status=200 duration=2ms
2026/04/20 08:59:26 http request_id=e88e7e5e6c085ce5 method=GET path=/api/v1/home/recently-added status=200 duration=1ms
2026/04/20 08:59:26 http request_id=fc8be1e42dc5de50 method=GET path=/api/v1/me/recently-played status=200 duration=3ms
2026/04/20 08:59:26 http request_id=92bbdaa92d156573 method=GET path=/api/v1/libraries/1/items status=200 duration=0s
2026/04/20 09:00:04 http request_id=f1d86d9826908704 method=GET path=/api/v1/setup/status status=200 duration=0s
2026/04/20 09:00:04 http request_id=c7089ca1b4220013 method=GET path=/api/v1/me status=200 duration=2ms
2026/04/20 09:00:04 http request_id=211141d556905df1 method=GET path=/api/v1/media-sources status=200 duration=0s
2026/04/20 09:00:04 http request_id=ecd33e95abb5f9de method=GET path=/api/v1/libraries status=200 duration=0s
2026/04/20 09:00:04 http request_id=2880f35ca82dae84 method=GET path=/api/v1/me/continue-watching status=200 duration=2ms
2026/04/20 09:00:04 http request_id=24c7c5116be33a60 method=GET path=/api/v1/me status=200 duration=4ms
2026/04/20 09:00:04 http request_id=2a4d7adfbb881af1 method=GET path=/api/v1/home/recently-added status=200 duration=0s
2026/04/20 09:00:04 http request_id=71ee7eb26c47b1ca method=GET path=/api/v1/media-sources status=200 duration=4ms
2026/04/20 09:00:04 http request_id=43b3deeada2f6aee method=GET path=/api/v1/libraries status=200 duration=4ms
2026/04/20 09:00:04 http request_id=c2217185d0cd4994 method=GET path=/api/v1/libraries/1/items status=200 duration=2ms
2026/04/20 09:00:04 http request_id=f1ede79974ae1721 method=GET path=/api/v1/me/continue-watching status=200 duration=6ms
2026/04/20 09:00:04 http request_id=1bc235d29ab76f27 method=GET path=/api/v1/me/recently-played status=200 duration=9ms
2026/04/20 09:00:04 http request_id=8012609776ff3628 method=GET path=/api/v1/home/recently-added status=200 duration=4ms
2026/04/20 09:00:04 http request_id=de98f3ea6cb471ee method=GET path=/api/v1/me/recently-played status=200 duration=3ms
2026/04/20 09:00:04 http request_id=bb84b22f62d00b02 method=GET path=/api/v1/libraries/1/items status=200 duration=2ms
2026/04/20 09:00:04 http request_id=70cb4ec93df965b5 method=GET path=/api/v1/setup/status status=200 duration=0s
2026/04/20 09:00:04 http request_id=7d3d69458fb9134b method=GET path=/api/v1/media-sources status=200 duration=0s
2026/04/20 09:00:04 http request_id=322285205428c93a method=GET path=/api/v1/me status=200 duration=2ms
2026/04/20 09:00:04 http request_id=31f74cda69e41411 method=GET path=/api/v1/libraries status=200 duration=0s
2026/04/20 09:00:04 http request_id=2e745169e5313a94 method=GET path=/api/v1/me/continue-watching status=200 duration=2ms
2026/04/20 09:00:04 http request_id=ece919e60e63c32c method=GET path=/api/v1/home/recently-added status=200 duration=0s
2026/04/20 09:00:04 http request_id=5ea910e6a9ff6e66 method=GET path=/api/v1/me/recently-played status=200 duration=3ms
2026/04/20 09:00:04 http request_id=965e055fa616f4e3 method=GET path=/api/v1/libraries/1/items status=200 duration=0s
2026/04/20 09:00:04 http request_id=b274f15744e36752 method=GET path=/api/v1/me status=200 duration=1ms
2026/04/20 09:00:04 http request_id=1d61487bf380face method=GET path=/api/v1/media-sources status=200 duration=0s
2026/04/20 09:00:04 http request_id=cdb05220ab25578f method=GET path=/api/v1/libraries status=200 duration=0s
2026/04/20 09:00:04 http request_id=0f12135dd1927012 method=GET path=/api/v1/home/recently-added status=200 duration=0s
2026/04/20 09:00:04 http request_id=f90a0a46515300d5 method=GET path=/api/v1/libraries/1/items status=200 duration=1ms
2026/04/20 09:00:04 http request_id=6b4ce11537232d5c method=GET path=/api/v1/me/continue-watching status=200 duration=3ms
2026/04/20 09:00:04 http request_id=c26769fa9dd449ae method=GET path=/api/v1/me/recently-played status=200 duration=6ms
2026/04/20 09:00:04 http request_id=ef365eb1a956aaa5 method=GET path=/api/v1/media-items/1 status=200 duration=1ms
2026/04/20 09:00:05 http request_id=405d233160b67ce7 method=GET path=/api/v1/media-items/1/progress status=200 duration=1ms
2026/04/20 09:00:17 http request_id=3ef08c9aebe2b0e8 method=GET path=/api/v1/media-sources status=200 duration=0s
2026/04/20 09:00:17 http request_id=7a750e337751c2c2 method=GET path=/api/v1/me status=200 duration=3ms
2026/04/20 09:00:17 http request_id=732c85e15e64f983 method=GET path=/api/v1/libraries status=200 duration=3ms
2026/04/20 09:00:17 http request_id=b4e64fa806ebe9d2 method=GET path=/api/v1/home/recently-added status=200 duration=4ms
2026/04/20 09:00:17 http request_id=90c70e277fb3ef12 method=GET path=/api/v1/me/recently-played status=200 duration=5ms
2026/04/20 09:00:17 http request_id=a645d33860f70702 method=GET path=/api/v1/me/continue-watching status=200 duration=7ms
2026/04/20 09:00:18 http request_id=6737a1b5e44ec5c9 method=GET path=/api/v1/media-sources status=200 duration=0s
2026/04/20 09:00:18 http request_id=5e1ebd3a37ecc647 method=GET path=/api/v1/me status=200 duration=2ms
2026/04/20 09:00:18 http request_id=438060c4ba6bdf3d method=GET path=/api/v1/libraries status=200 duration=4ms
2026/04/20 09:00:18 http request_id=b932a9caaf6e3bbb method=GET path=/api/v1/me/continue-watching status=200 duration=6ms
2026/04/20 09:00:18 http request_id=92b3c1e73d5c5a4f method=GET path=/api/v1/home/recently-added status=200 duration=7ms
2026/04/20 09:00:18 http request_id=733b4ee5eb09272a method=GET path=/api/v1/me/recently-played status=200 duration=8ms
2026/04/20 09:00:25 http request_id=5ee5794ea5fad3c1 method=GET path=/api/v1/media-sources status=200 duration=0s
2026/04/20 09:00:25 http request_id=e58ec5e09512a57e method=GET path=/api/v1/libraries status=200 duration=0s
2026/04/20 09:00:25 http request_id=00f451dbd0ef3679 method=GET path=/api/v1/me status=200 duration=3ms
2026/04/20 09:00:25 http request_id=aa7754ae7f5c673f method=GET path=/api/v1/me/continue-watching status=200 duration=6ms
2026/04/20 09:00:25 http request_id=164c6e77c742d293 method=GET path=/api/v1/home/recently-added status=200 duration=7ms
2026/04/20 09:00:25 http request_id=94d8b9cc7439dc0c method=GET path=/api/v1/me/recently-played status=200 duration=8ms
2026/04/20 09:01:04 http request_id=fcf38deb75a58732 method=GET path=/api/v1/media-sources status=200 duration=0s
2026/04/20 09:01:04 http request_id=60e6a2a04526e449 method=GET path=/api/v1/libraries status=200 duration=0s
2026/04/20 09:01:04 http request_id=2db03183c0e45784 method=GET path=/api/v1/me status=200 duration=2ms
2026/04/20 09:01:04 http request_id=20725d18af046c27 method=GET path=/api/v1/home/recently-added status=200 duration=2ms
2026/04/20 09:01:04 http request_id=4608da9b27cb9c50 method=GET path=/api/v1/me/recently-played status=200 duration=3ms
2026/04/20 09:01:04 http request_id=b400f7dd7cf36b29 method=GET path=/api/v1/me/continue-watching status=200 duration=4ms
2026/04/20 09:01:08 http request_id=311beb8f79b2af6d method=GET path=/api/v1/setup/status status=200 duration=0s
2026/04/20 09:01:08 http request_id=0b5023e8237b55ca method=GET path=/api/v1/me status=200 duration=1ms
2026/04/20 09:01:08 http request_id=4aa21dcdb41bc82f method=GET path=/api/v1/media-sources status=200 duration=0s
2026/04/20 09:01:08 http request_id=19072598ca665003 method=GET path=/api/v1/libraries status=200 duration=0s
2026/04/20 09:01:08 http request_id=4ef932b1f7fc1643 method=GET path=/api/v1/me/recently-played status=200 duration=4ms
2026/04/20 09:01:08 http request_id=93caefbb3ec4ab77 method=GET path=/api/v1/home/recently-added status=200 duration=4ms
2026/04/20 09:01:08 http request_id=deda149b7c116775 method=GET path=/api/v1/me/continue-watching status=200 duration=5ms
2026/04/20 09:01:08 http request_id=12871fbbbe9b269e method=GET path=/api/v1/me status=200 duration=1ms
2026/04/20 09:01:08 http request_id=2cab138146c568b8 method=GET path=/api/v1/media-sources status=200 duration=0s
2026/04/20 09:01:08 http request_id=187304520ad5a82b method=GET path=/api/v1/libraries status=200 duration=0s
2026/04/20 09:01:08 http request_id=eb4c5cd8d9057818 method=GET path=/api/v1/me/recently-played status=200 duration=4ms
2026/04/20 09:01:08 http request_id=c48cde77132e5e39 method=GET path=/api/v1/me/continue-watching status=200 duration=5ms
2026/04/20 09:01:08 http request_id=ff066ca1bfaac949 method=GET path=/api/v1/home/recently-added status=200 duration=4ms
2026/04/20 09:01:08 http request_id=907ede252533599e method=GET path=/api/v1/libraries/1/items status=200 duration=0s
2026/04/20 09:01:23 http request_id=b60e888713ce6441 method=GET path=/api/v1/media-sources status=200 duration=0s
2026/04/20 09:01:23 http request_id=1fc26c6e07be5089 method=GET path=/api/v1/me status=200 duration=2ms
2026/04/20 09:01:23 http request_id=ba9d56c27114b938 method=GET path=/api/v1/me/continue-watching status=200 duration=2ms
2026/04/20 09:01:23 http request_id=77fd12ca397f5038 method=GET path=/api/v1/libraries status=200 duration=4ms
2026/04/20 09:01:23 http request_id=072934ca36956c4f method=GET path=/api/v1/me/recently-played status=200 duration=4ms
2026/04/20 09:01:23 http request_id=a0989f0359327a3e method=GET path=/api/v1/home/recently-added status=200 duration=4ms
2026/04/20 09:01:29 http request_id=6695660dd931a744 method=GET path=/api/v1/media-sources status=200 duration=0s
2026/04/20 09:01:29 http request_id=f4de12121edefa53 method=GET path=/api/v1/me status=200 duration=3ms
2026/04/20 09:01:29 http request_id=3fee09d85e3f69a0 method=GET path=/api/v1/libraries status=200 duration=4ms
2026/04/20 09:01:29 http request_id=f1ea372ec27b4ead method=GET path=/api/v1/me/continue-watching status=200 duration=6ms
2026/04/20 09:01:29 http request_id=c26df879a0244e7a method=GET path=/api/v1/home/recently-added status=200 duration=7ms
2026/04/20 09:01:29 http request_id=6b6b27ae57ee2e87 method=GET path=/api/v1/me/recently-played status=200 duration=8ms
2026/04/20 09:02:57 http request_id=06346df13788a5a4 method=GET path=/api/v1/me status=200 duration=2ms
2026/04/20 09:02:57 http request_id=99e1c1cbedd1baca method=GET path=/api/v1/libraries status=200 duration=0s
2026/04/20 09:02:57 http request_id=23bc4ecb5ae8af7a method=GET path=/api/v1/media-sources status=200 duration=1ms
2026/04/20 09:02:57 http request_id=e56e2e285febaf03 method=GET path=/api/v1/me/continue-watching status=200 duration=2ms
2026/04/20 09:02:57 http request_id=b823969d2c6c7793 method=GET path=/api/v1/home/recently-added status=200 duration=1ms
2026/04/20 09:02:57 http request_id=fc692c04ea8a0417 method=GET path=/api/v1/me/recently-played status=200 duration=3ms
2026/04/20 09:02:57 http request_id=a615d1cd1c6678b6 method=GET path=/api/v1/media-sources status=200 duration=0s
2026/04/20 09:02:57 http request_id=baaa4b9787cbd7da method=GET path=/api/v1/me status=200 duration=4ms
2026/04/20 09:02:57 http request_id=214c71627733bae9 method=GET path=/api/v1/libraries status=200 duration=4ms
2026/04/20 09:02:57 http request_id=093bc35eee44d804 method=GET path=/api/v1/me/recently-played status=200 duration=3ms
2026/04/20 09:02:57 http request_id=2ec6f13cba4a29fc method=GET path=/api/v1/me/continue-watching status=200 duration=6ms
2026/04/20 09:02:57 http request_id=2cc1e84044d5a44b method=GET path=/api/v1/home/recently-added status=200 duration=7ms
2026/04/20 09:04:43 http request_id=f24e7c4f82562cb3 method=GET path=/api/v1/setup/status status=200 duration=0s
2026/04/20 09:04:43 http request_id=e66ff53be39071f8 method=GET path=/api/v1/setup/status status=200 duration=0s
2026/04/20 09:04:43 http request_id=a89e0f3f9cbd2969 method=GET path=/api/v1/media-sources status=200 duration=0s
2026/04/20 09:04:43 http request_id=b0ba3f422637140e method=GET path=/api/v1/me status=200 duration=3ms
2026/04/20 09:04:43 http request_id=65a096585a949a86 method=GET path=/api/v1/libraries status=200 duration=4ms
2026/04/20 09:04:43 http request_id=465988626cb8987d method=GET path=/api/v1/me/recently-played status=200 duration=4ms
2026/04/20 09:04:43 http request_id=351990593d3a3e66 method=GET path=/api/v1/libraries status=200 duration=1ms
2026/04/20 09:04:43 http request_id=ed1cc05113e73daf method=GET path=/api/v1/me status=200 duration=3ms
2026/04/20 09:04:43 http request_id=4e8a3d15aae54926 method=GET path=/api/v1/media-sources status=200 duration=3ms
2026/04/20 09:04:43 http request_id=3632e7c00bcb7604 method=GET path=/api/v1/me/recently-played status=200 duration=4ms
2026/04/20 09:04:43 http request_id=a1d567db6a1fb5bc method=GET path=/api/v1/me/continue-watching status=200 duration=10ms
2026/04/20 09:04:43 http request_id=a70641c9ca1468ba method=GET path=/api/v1/home/recently-added status=200 duration=9ms
2026/04/20 09:04:43 http request_id=da499d55e81f11f9 method=GET path=/api/v1/home/recently-added status=200 duration=5ms
2026/04/20 09:04:43 http request_id=febefe2e864b9f2b method=GET path=/api/v1/me/continue-watching status=200 duration=8ms
2026/04/20 09:04:43 http request_id=524a8b9fd6ce17a9 method=GET path=/api/v1/libraries/1/items status=200 duration=0s
2026/04/20 09:04:49 http request_id=efb217e3760f5ce4 method=GET path=/healthz status=200 duration=0s
