2026/04/21 13:24:29 mibo-media-server listening on 127.0.0.1:8080
2026/04/21 13:24:40 http request_id=b1ecca309b1feef5 method=GET path=/api/v1/setup/status status=200 duration=1ms
2026/04/21 13:24:40 http request_id=edfe100834d53151 method=GET path=/api/v1/setup/status status=200 duration=0s
2026/04/21 13:24:40 http request_id=a7a26aa41c6b69b2 method=GET path=/api/v1/setup/status status=200 duration=0s
2026/04/21 13:24:40 http request_id=676bf387a285dbaf method=GET path=/api/v1/setup/status status=200 duration=0s
2026/04/21 13:24:40 http request_id=06c5ad957b621906 method=GET path=/api/v1/setup/status status=200 duration=0s
2026/04/21 13:24:40 http request_id=ee8c6a87fcfee5d8 method=GET path=/api/v1/setup/status status=200 duration=0s
2026/04/21 13:24:40 http request_id=a7f5b5cff7520909 method=GET path=/api/v1/setup/status status=200 duration=0s
2026/04/21 13:24:56 http request_id=f21eaa8d28b4401a method=POST path=/api/v1/auth/register status=201 duration=51ms
2026/04/21 13:24:56 http request_id=eb391801dcb083b7 method=POST path=/api/v1/auth/login status=200 duration=51ms
2026/04/21 13:24:56 http request_id=fb4bf61428b052c0 method=GET path=/api/v1/setup/status status=200 duration=1ms
2026/04/21 13:24:56 http request_id=c5deba08aad976a3 method=GET path=/api/v1/setup/status status=200 duration=0s
2026/04/21 13:25:03 http request_id=aa0fd408f0d82915 method=GET path=/api/v1/setup/status status=200 duration=0s
2026/04/21 13:25:03 http request_id=987f4b9d18f1eccd method=GET path=/api/v1/system/info status=200 duration=0s
2026/04/21 13:25:03 http request_id=3173fd3d6e38aec8 method=GET path=/api/v1/settings/metadata status=200 duration=1ms
2026/04/21 13:25:03 http request_id=5ff4e8739e7dc939 method=GET path=/api/v1/media-sources status=200 duration=0s
2026/04/21 13:25:03 http request_id=ae5c3728e3e7f201 method=GET path=/api/v1/libraries status=200 duration=0s
2026/04/21 13:25:03 http request_id=2f131655ef76db68 method=GET path=/api/v1/me status=200 duration=3ms
2026/04/21 13:25:03 http request_id=445ee07f74dab5f4 method=GET path=/api/v1/me/continue-watching status=200 duration=2ms
2026/04/21 13:25:03 http request_id=1426e52e00b76e9b method=GET path=/api/v1/me/recently-played status=200 duration=2ms
2026/04/21 13:25:03 http request_id=f4350c75a287a2d0 method=GET path=/api/v1/system/info status=200 duration=0s
2026/04/21 13:25:03 http request_id=430c62cb4ea31139 method=GET path=/api/v1/home/recently-added status=200 duration=1ms
2026/04/21 13:25:03 http request_id=83fb69d6b484ff95 method=GET path=/api/v1/settings/metadata status=200 duration=1ms
2026/04/21 13:25:03 http request_id=860a374dce52962a method=GET path=/api/v1/media-sources status=200 duration=0s
2026/04/21 13:25:03 http request_id=98c63945306bb2df method=GET path=/api/v1/libraries status=200 duration=0s
2026/04/21 13:25:03 http request_id=9596abb259401c66 method=GET path=/api/v1/me status=200 duration=2ms
2026/04/21 13:25:03 http request_id=399db356e0160aae method=GET path=/api/v1/me/continue-watching status=200 duration=1ms
2026/04/21 13:25:03 http request_id=ebcefe8471bc9421 method=GET path=/api/v1/home/recently-added status=200 duration=0s
2026/04/21 13:25:03 http request_id=515573b17dd1964e method=GET path=/api/v1/me/recently-played status=200 duration=1ms
2026/04/21 13:34:24 http request_id=80555ba5860c4ff7 method=GET path=/api/v1/setup/status status=200 duration=0s
2026/04/21 13:34:24 http request_id=9a56d6f9f8dc4939 method=GET path=/api/v1/setup/status status=200 duration=0s
2026/04/21 13:34:24 http request_id=35558f9568bebefa method=GET path=/api/v1/setup/status status=200 duration=0s
2026/04/21 13:34:24 http request_id=fb1af60fcc51340e method=GET path=/api/v1/setup/status status=200 duration=0s
2026/04/21 13:34:24 http request_id=59997380d8b4c925 method=GET path=/api/v1/setup/status status=200 duration=0s
2026/04/21 13:34:30 http request_id=c3790bb35a7183c1 method=POST path=/api/v1/media-sources status=201 duration=1ms
2026/04/21 13:34:30 http request_id=8ccda9482fb28853 method=GET path=/api/v1/setup/status status=200 duration=0s
2026/04/21 13:34:31 http request_id=128a5d3de6c6ab33 method=GET path=/api/v1/setup/status status=200 duration=0s
2026/04/21 13:34:31 http request_id=1d0d6f00bc9069d2 method=GET path=/api/v1/media-sources status=200 duration=0s
2026/04/21 13:34:36 http request_id=d85011449adbde6f method=POST path=/api/v1/libraries status=201 duration=2ms
2026/04/21 13:34:36 http request_id=6eb45bc41045f202 method=GET path=/api/v1/setup/status status=200 duration=0s
2026/04/21 13:34:36 http request_id=4d9b7664a47bb0a5 method=GET path=/api/v1/setup/status status=200 duration=0s
2026/04/21 13:34:37 worker: job 3 (probe_media_file) failed: exit status 1
2026/04/21 13:34:41 http request_id=8b7326902c505cd8 method=GET path=/api/v1/setup/status status=200 duration=0s
2026/04/21 13:34:41 http request_id=51de8924195420a0 method=GET path=/api/v1/system/info status=200 duration=1ms
2026/04/21 13:34:41 http request_id=aed69dc2b5d9d0e6 method=GET path=/api/v1/settings/metadata status=200 duration=3ms
2026/04/21 13:34:41 http request_id=f27d78133db29dbb method=GET path=/api/v1/me status=200 duration=4ms
2026/04/21 13:34:41 http request_id=b0e474abad4ca824 method=GET path=/api/v1/system/info status=200 duration=0s
2026/04/21 13:34:41 http request_id=b5e68eadfeff581c method=GET path=/api/v1/libraries status=200 duration=5ms
2026/04/21 13:34:41 http request_id=5c1fdd0bb7e1ce85 method=GET path=/api/v1/media-sources status=200 duration=5ms
2026/04/21 13:34:41 http request_id=b868d545e1a160ca method=GET path=/api/v1/me/continue-watching status=200 duration=6ms
2026/04/21 13:34:41 http request_id=0ee8fd2909e28abb method=GET path=/api/v1/media-sources status=200 duration=0s
2026/04/21 13:34:41 http request_id=f86b43bd455d0711 method=GET path=/api/v1/libraries status=200 duration=2ms
2026/04/21 13:34:41 http request_id=3a7d73d628a281d4 method=GET path=/api/v1/me status=200 duration=4ms
2026/04/21 13:34:41 http request_id=c27d30a7cb253910 method=GET path=/api/v1/home/recently-added status=200 duration=9ms
2026/04/21 13:34:41 http request_id=8c5b11b7e932526e method=GET path=/api/v1/me/continue-watching status=200 duration=4ms
2026/04/21 13:34:41 http request_id=1d0a54267b745969 method=GET path=/api/v1/home/recently-added status=200 duration=1ms
2026/04/21 13:34:41 http request_id=5fe845e5be55483f method=GET path=/api/v1/settings/metadata status=200 duration=9ms
2026/04/21 13:34:41 http request_id=33581754068a2b54 method=GET path=/api/v1/me/recently-played status=200 duration=16ms
2026/04/21 13:34:41 http request_id=2fec29dfdda6f925 method=GET path=/api/v1/me/recently-played status=200 duration=1ms
2026/04/21 13:34:41 http request_id=7c0e0e0db02a2827 method=GET path=/api/v1/libraries/1/items status=200 duration=0s
2026/04/21 14:00:46 http request_id=81dcecfe72f9acab method=GET path=/api/v1/system/info status=200 duration=1ms
2026/04/21 14:00:46 http request_id=e6a499807346ec0c method=GET path=/api/v1/settings/metadata status=200 duration=2ms
2026/04/21 14:00:46 http request_id=571f65603a5e9cc1 method=GET path=/api/v1/media-sources status=200 duration=0s
2026/04/21 14:00:46 http request_id=5cfd5e6ddcb33ab9 method=GET path=/api/v1/me status=200 duration=1ms
2026/04/21 14:00:46 http request_id=6d1197e7d3d707dd method=GET path=/api/v1/libraries status=200 duration=0s
2026/04/21 14:00:46 http request_id=bacfa70b3c031fc6 method=GET path=/api/v1/me/recently-played status=200 duration=2ms
2026/04/21 14:00:46 http request_id=321a1e7ed8093e68 method=GET path=/api/v1/me/continue-watching status=200 duration=4ms
2026/04/21 14:00:46 http request_id=006e456190451dc1 method=GET path=/api/v1/home/recently-added status=200 duration=4ms
2026/04/21 14:00:46 http request_id=b45616602fc71c64 method=GET path=/api/v1/setup/status status=200 duration=4ms
2026/04/21 14:00:46 http request_id=0c7240910eac6231 method=GET path=/api/v1/setup/status status=200 duration=0s
2026/04/21 14:00:46 http request_id=2f701ff066238585 method=GET path=/api/v1/setup/status status=200 duration=0s
2026/04/21 14:00:46 http request_id=8d3162c8a74387aa method=GET path=/api/v1/system/info status=200 duration=0s
2026/04/21 14:00:46 http request_id=3166c0cb59629b1a method=GET path=/api/v1/settings/metadata status=200 duration=1ms
2026/04/21 14:00:46 http request_id=d624a71ceee4526c method=GET path=/api/v1/media-sources status=200 duration=0s
2026/04/21 14:00:46 http request_id=ecfebb5f5338b3ee method=GET path=/api/v1/me status=200 duration=2ms
2026/04/21 14:00:46 http request_id=60ee158d62aaa5e7 method=GET path=/api/v1/libraries status=200 duration=1ms
2026/04/21 14:00:46 http request_id=4f60d8a270f6afc3 method=GET path=/api/v1/me/continue-watching status=200 duration=2ms
2026/04/21 14:00:46 http request_id=4e520eecb6bae617 method=GET path=/api/v1/me/recently-played status=200 duration=5ms
2026/04/21 14:00:46 http request_id=4052dd029829e922 method=GET path=/api/v1/media-sources status=200 duration=0s
2026/04/21 14:00:46 http request_id=2f78440db64b60b6 method=GET path=/api/v1/system/info status=200 duration=2ms
2026/04/21 14:00:46 http request_id=87927d982c3715e1 method=GET path=/api/v1/home/recently-added status=200 duration=5ms
2026/04/21 14:00:46 http request_id=86ac2106d88efb8d method=GET path=/api/v1/libraries status=200 duration=1ms
2026/04/21 14:00:46 http request_id=c0fcc7b6d6d69bbb method=GET path=/api/v1/settings/metadata status=200 duration=3ms
2026/04/21 14:00:46 http request_id=783fae7f3b838b19 method=GET path=/api/v1/home/recently-added status=200 duration=2ms
2026/04/21 14:00:46 http request_id=5a27d4cadb131fcc method=GET path=/api/v1/me/continue-watching status=200 duration=4ms
2026/04/21 14:00:46 http request_id=4de17f74d54c5b3c method=GET path=/api/v1/me/recently-played status=200 duration=6ms
2026/04/21 14:00:46 http request_id=502118b386c32173 method=GET path=/api/v1/me status=200 duration=10ms
2026/04/21 14:00:47 http request_id=1bf94d8c1e8511e2 method=GET path=/api/v1/libraries/1/items status=200 duration=0s
2026/04/21 14:00:47 http request_id=5ac315c3f0f05077 method=GET path=/api/v1/setup/status status=200 duration=1ms
2026/04/21 14:00:47 http request_id=0c387278509254a2 method=GET path=/api/v1/system/info status=200 duration=0s
2026/04/21 14:00:47 http request_id=a6c45e6c1057c430 method=GET path=/api/v1/settings/metadata status=401 duration=0s
2026/04/21 14:00:47 http request_id=4e6ced25ad10d471 method=GET path=/api/v1/me status=401 duration=0s
2026/04/21 14:00:47 http request_id=c351090516bfe1ba method=GET path=/api/v1/media-sources status=200 duration=0s
2026/04/21 14:00:47 http request_id=417b986106f88bc1 method=GET path=/api/v1/libraries status=200 duration=1ms
2026/04/21 14:00:47 http request_id=a5681e61e94a2afd method=GET path=/api/v1/me/continue-watching status=401 duration=0s
2026/04/21 14:00:47 http request_id=2496816bd551f473 method=GET path=/api/v1/me/recently-played status=401 duration=0s
2026/04/21 14:00:47 http request_id=c5ec70c9bfe4b9a1 method=GET path=/api/v1/home/recently-added status=200 duration=0s
2026/04/21 14:00:47 http request_id=6af6a0803b510c65 method=GET path=/api/v1/libraries/4/items status=200 duration=0s
2026/04/21 14:00:47 http request_id=fc4aa4811c2ea964 method=GET path=/api/v1/setup/status status=200 duration=0s
2026/04/21 14:00:47 http request_id=fdf5981d17ae8d2f method=GET path=/api/v1/setup/status status=200 duration=0s
2026/04/21 14:00:47 http request_id=bb4810e27a8010f7 method=GET path=/api/v1/media-items/6 status=400 duration=0s
2026/04/21 14:00:47 http request_id=aa7e9b2e1f2ab003 method=GET path=/api/v1/media-items/6 status=400 duration=0s
2026/04/21 14:00:52 http request_id=969f16bd4ee2123f method=GET path=/api/v1/system/info status=200 duration=0s
2026/04/21 14:00:52 http request_id=0b1162fc3ea82cc2 method=GET path=/api/v1/settings/metadata status=200 duration=2ms
2026/04/21 14:00:52 http request_id=c12b58283eb1f4be method=GET path=/api/v1/media-sources status=200 duration=0s
2026/04/21 14:00:52 http request_id=e376a3f9f3181572 method=GET path=/api/v1/me status=200 duration=2ms
2026/04/21 14:00:52 http request_id=e1da260ee77e606e method=GET path=/api/v1/libraries status=200 duration=0s
2026/04/21 14:00:52 http request_id=7d2b75888ecc3127 method=GET path=/api/v1/me/continue-watching status=200 duration=2ms
2026/04/21 14:00:52 http request_id=ee12a3bbf07886bd method=GET path=/api/v1/me/recently-played status=200 duration=1ms
2026/04/21 14:00:52 http request_id=8040a10d414b2003 method=GET path=/api/v1/setup/status status=200 duration=1ms
2026/04/21 14:00:52 http request_id=09619e15260c26bb method=GET path=/api/v1/home/recently-added status=200 duration=2ms
2026/04/21 14:00:52 http request_id=33f00bad2434bc7a method=GET path=/api/v1/setup/status status=200 duration=0s
2026/04/21 14:00:52 http request_id=1ff0b834a0dcc640 method=GET path=/api/v1/setup/status status=200 duration=0s
2026/04/21 14:00:52 http request_id=6cdac2011ad1807a method=GET path=/api/v1/system/info status=200 duration=0s
2026/04/21 14:00:52 http request_id=c08ad90447b7caa8 method=GET path=/api/v1/settings/metadata status=200 duration=2ms
2026/04/21 14:00:52 http request_id=e10d10a685f507a0 method=GET path=/api/v1/media-sources status=200 duration=0s
2026/04/21 14:00:52 http request_id=3805984702cff080 method=GET path=/api/v1/libraries status=200 duration=0s
2026/04/21 14:00:52 http request_id=644b566a2e42e691 method=GET path=/api/v1/me status=200 duration=4ms
2026/04/21 14:00:52 http request_id=384a1d8120d647f6 method=GET path=/api/v1/me/recently-played status=200 duration=2ms
2026/04/21 14:00:52 http request_id=b3c58574507b7a82 method=GET path=/api/v1/me/continue-watching status=200 duration=3ms
2026/04/21 14:00:52 http request_id=194466ceff3159c5 method=GET path=/api/v1/home/recently-added status=200 duration=2ms
2026/04/21 14:00:52 http request_id=5204fb95f305e886 method=GET path=/api/v1/system/info status=200 duration=0s
2026/04/21 14:00:52 http request_id=6201d3d1c920e3c3 method=GET path=/api/v1/settings/metadata status=200 duration=2ms
2026/04/21 14:00:52 http request_id=a93264a47fc3950e method=GET path=/api/v1/me status=200 duration=3ms
2026/04/21 14:00:52 http request_id=e3efb7b98612d91d method=GET path=/api/v1/home/recently-added status=200 duration=2ms
2026/04/21 14:00:52 http request_id=da6bea50de417460 method=GET path=/api/v1/libraries status=200 duration=4ms
2026/04/21 14:00:52 http request_id=fed4341c3cd027e0 method=GET path=/api/v1/me/recently-played status=200 duration=3ms
2026/04/21 14:00:52 http request_id=6f00eec5d2973159 method=GET path=/api/v1/media-sources status=200 duration=5ms
2026/04/21 14:00:52 http request_id=64f95167802e9c39 method=GET path=/api/v1/me/continue-watching status=200 duration=5ms
2026/04/21 14:00:53 http request_id=53d57588944cdd35 method=GET path=/api/v1/libraries/1/items status=200 duration=0s
2026/04/21 14:00:53 http request_id=dd8ac0f05bb17c05 method=GET path=/api/v1/setup/status status=200 duration=0s
2026/04/21 14:00:53 http request_id=583c4a060fffc8d3 method=GET path=/api/v1/setup/status status=200 duration=1ms
2026/04/21 14:00:53 http request_id=471c24061f882c7c method=GET path=/api/v1/setup/status status=200 duration=0s
2026/04/21 14:00:53 http request_id=1d47be2f2dc711b2 method=GET path=/api/v1/media-items/6 status=400 duration=0s
2026/04/21 14:00:53 http request_id=bed86677b2ca76b1 method=GET path=/api/v1/media-items/6 status=400 duration=0s
2026/04/21 14:20:32 http request_id=3b77a1ac71f80b98 method=GET path=/api/v1/setup/status status=200 duration=0s
2026/04/21 14:20:32 http request_id=101aa50b38a69cad method=GET path=/api/v1/setup/status status=200 duration=0s
2026/04/21 14:20:32 http request_id=8d67fe10aa8b3380 method=GET path=/api/v1/media-items/6 status=400 duration=0s
2026/04/21 14:20:32 http request_id=4caae6440f370b57 method=GET path=/api/v1/media-items/6 status=400 duration=0s
2026/04/21 14:20:36 http request_id=14cd23003c1fbcb8 method=GET path=/api/v1/setup/status status=200 duration=0s
2026/04/21 14:20:36 http request_id=dffd311177e66aa4 method=GET path=/api/v1/setup/status status=200 duration=0s
2026/04/21 14:20:36 http request_id=5c84ce5590408725 method=GET path=/api/v1/settings/metadata status=401 duration=0s
2026/04/21 14:20:36 http request_id=eb13cc8851250d41 method=GET path=/api/v1/system/info status=200 duration=0s
2026/04/21 14:20:36 http request_id=52b71a92d01299c5 method=GET path=/api/v1/me status=401 duration=0s
2026/04/21 14:20:36 http request_id=bfafe0f2ce1fdc46 method=GET path=/api/v1/me/continue-watching status=401 duration=0s
2026/04/21 14:20:36 http request_id=523323d3c109c988 method=GET path=/api/v1/media-sources status=200 duration=1ms
2026/04/21 14:20:36 http request_id=82388c7d7521edd3 method=GET path=/api/v1/home/recently-added status=200 duration=1ms
2026/04/21 14:20:36 http request_id=c4be20d38fb8b1d6 method=GET path=/api/v1/me/recently-played status=401 duration=1ms
2026/04/21 14:20:36 http request_id=e8bc0435abaa2f58 method=GET path=/api/v1/libraries status=200 duration=2ms
2026/04/21 14:20:36 http request_id=d6bb14059ec4eec8 method=GET path=/api/v1/settings/metadata status=401 duration=0s
2026/04/21 14:20:36 http request_id=6d041be1d34133e4 method=GET path=/api/v1/system/info status=200 duration=0s
2026/04/21 14:20:36 http request_id=a072d2d6fc330371 method=GET path=/api/v1/me status=401 duration=0s
2026/04/21 14:20:36 http request_id=7fb16928d8e0e39c method=GET path=/api/v1/media-sources status=200 duration=0s
2026/04/21 14:20:36 http request_id=808032a6462a6688 method=GET path=/api/v1/libraries status=200 duration=0s
2026/04/21 14:20:36 http request_id=1cae530e37b007ee method=GET path=/api/v1/me/continue-watching status=401 duration=0s
2026/04/21 14:20:36 http request_id=a5f3bd01a4188a6f method=GET path=/api/v1/me/recently-played status=401 duration=0s
2026/04/21 14:20:36 http request_id=0747f33868065a78 method=GET path=/api/v1/home/recently-added status=200 duration=0s
2026/04/21 14:20:39 http request_id=8f6ab76e5e276d59 method=POST path=/api/v1/auth/login status=200 duration=47ms
2026/04/21 14:20:39 http request_id=8bb6884723f6f960 method=GET path=/api/v1/system/info status=200 duration=0s
2026/04/21 14:20:39 http request_id=112a93714a14a91e method=GET path=/api/v1/media-sources status=200 duration=0s
2026/04/21 14:20:39 http request_id=7ca4a8eecaf6d654 method=GET path=/api/v1/settings/metadata status=200 duration=2ms
2026/04/21 14:20:39 http request_id=9029b1bc4c171814 method=GET path=/api/v1/home/recently-added status=200 duration=2ms
2026/04/21 14:20:39 http request_id=84a1e10256818a0f method=GET path=/api/v1/libraries status=200 duration=4ms
2026/04/21 14:20:39 http request_id=1228095fc0d1c3b2 method=GET path=/api/v1/me/continue-watching status=200 duration=5ms
2026/04/21 14:20:39 http request_id=93fb6e0c98ce15f4 method=GET path=/api/v1/me status=200 duration=8ms
2026/04/21 14:20:39 http request_id=3df7c10c1835f23e method=GET path=/api/v1/me/recently-played status=200 duration=8ms
2026/04/21 14:20:39 http request_id=29070c8c494d890f method=GET path=/api/v1/libraries/1/items status=200 duration=0s
2026/04/21 14:20:55 http request_id=ba722c7f2895435d method=GET path=/api/v1/setup/status status=200 duration=1ms
2026/04/21 14:20:55 http request_id=dbdb44f59f2ba6b6 method=GET path=/api/v1/system/info status=200 duration=0s
2026/04/21 14:20:55 http request_id=cafa59906a43fc43 method=GET path=/api/v1/settings/metadata status=200 duration=2ms
2026/04/21 14:20:55 http request_id=eed277aaad25ed51 method=GET path=/api/v1/me status=200 duration=4ms
2026/04/21 14:20:55 http request_id=f01bb6eb0483aa3e method=GET path=/api/v1/system/info status=200 duration=0s
2026/04/21 14:20:55 http request_id=b426c50d8dccd97e method=GET path=/api/v1/home/recently-added status=200 duration=2ms
2026/04/21 14:20:55 http request_id=a57437e1d32d69f2 method=GET path=/api/v1/libraries status=200 duration=4ms
2026/04/21 14:20:55 http request_id=665e627ee30e46bc method=GET path=/api/v1/media-sources status=200 duration=5ms
2026/04/21 14:20:55 http request_id=7acdb60c7531409d method=GET path=/api/v1/me/continue-watching status=200 duration=5ms
2026/04/21 14:20:55 http request_id=439388bb85c07a6a method=GET path=/api/v1/me/recently-played status=200 duration=7ms
2026/04/21 14:20:55 http request_id=fd3cce7a15f14422 method=GET path=/api/v1/media-sources status=200 duration=2ms
2026/04/21 14:20:55 http request_id=5d58d742109887dd method=GET path=/api/v1/home/recently-added status=200 duration=3ms
2026/04/21 14:20:55 http request_id=1a49481d62742e37 method=GET path=/api/v1/me/continue-watching status=200 duration=2ms
2026/04/21 14:20:55 http request_id=7d7bb537d91d2891 method=GET path=/api/v1/libraries status=200 duration=7ms
2026/04/21 14:20:55 http request_id=0b3c4851262a6e30 method=GET path=/api/v1/me status=200 duration=10ms
2026/04/21 14:20:55 http request_id=47d2cc0d123177ff method=GET path=/api/v1/me/recently-played status=200 duration=7ms
2026/04/21 14:20:55 http request_id=d80689265c9b2cd4 method=GET path=/api/v1/settings/metadata status=200 duration=14ms
2026/04/21 14:20:55 http request_id=eca1ea4b23958f60 method=GET path=/api/v1/libraries/1/items status=200 duration=1ms
2026/04/21 14:21:01 http request_id=66e9ef231081473b method=GET path=/api/v1/jobs status=200 duration=0s
2026/04/21 14:21:01 http request_id=c501b2f790118d8e method=GET path=/api/v1/jobs status=200 duration=0s
2026/04/21 14:21:06 http request_id=d33ddd52eba3d124 method=GET path=/api/v1/jobs status=200 duration=0s
2026/04/21 14:21:11 http request_id=3855c0be6a9a0d4a method=GET path=/api/v1/jobs status=200 duration=0s
2026/04/21 14:21:12 http request_id=c5773d33b477ff31 method=GET path=/api/v1/jobs status=200 duration=0s
2026/04/21 14:21:16 http request_id=33d706f2766a4c65 method=GET path=/api/v1/jobs status=200 duration=0s
2026/04/21 14:21:21 http request_id=7a21953169adf693 method=GET path=/api/v1/jobs status=200 duration=0s
2026/04/21 14:21:26 http request_id=5e6cafaf54fa1d48 method=GET path=/api/v1/jobs status=200 duration=0s
2026/04/21 14:21:31 http request_id=3835f58cf593b731 method=GET path=/api/v1/jobs status=200 duration=0s
2026/04/21 14:21:36 http request_id=cb7133f2b154e350 method=GET path=/api/v1/jobs status=200 duration=0s
2026/04/21 14:21:41 http request_id=e92bff705e00c05a method=GET path=/api/v1/jobs status=200 duration=0s
2026/04/21 14:21:46 http request_id=8f2f60facf4793fe method=GET path=/api/v1/jobs status=200 duration=0s
2026/04/21 14:21:51 http request_id=6e50492abe64c43e method=GET path=/api/v1/jobs status=200 duration=0s
2026/04/21 14:21:56 http request_id=d0c66fd9cfcc3228 method=GET path=/api/v1/jobs status=200 duration=0s
2026/04/21 14:22:01 http request_id=42fa06cc2227d774 method=GET path=/api/v1/jobs status=200 duration=0s
2026/04/21 14:22:06 http request_id=85fa8a7d136daad6 method=GET path=/api/v1/jobs status=200 duration=0s
2026/04/21 14:22:11 http request_id=e2fcd3478c79f727 method=GET path=/api/v1/jobs status=200 duration=0s
2026/04/21 14:22:16 http request_id=460fa7ce8d5a6427 method=GET path=/api/v1/jobs status=200 duration=0s
2026/04/21 14:22:21 http request_id=fa1f4af9933f7e66 method=GET path=/api/v1/jobs status=200 duration=0s
2026/04/21 14:22:26 http request_id=b59e439ec5216b27 method=GET path=/api/v1/jobs status=200 duration=0s
2026/04/21 14:22:31 http request_id=398a2d7a1a863298 method=GET path=/api/v1/jobs status=200 duration=0s
2026/04/21 14:22:36 http request_id=e8d0927d5172c296 method=GET path=/api/v1/jobs status=200 duration=0s
2026/04/21 14:22:41 http request_id=788befb1b0745e01 method=GET path=/api/v1/jobs status=200 duration=0s
2026/04/21 14:22:46 http request_id=74505f0b3c8183a3 method=GET path=/api/v1/jobs status=200 duration=0s
2026/04/21 14:22:51 http request_id=663fb6af8f966161 method=GET path=/api/v1/jobs status=200 duration=0s
2026/04/21 14:22:56 http request_id=3a92202b7fda8723 method=GET path=/api/v1/jobs status=200 duration=0s
2026/04/21 14:23:02 http request_id=0dada4a3ea2731c5 method=GET path=/api/v1/jobs status=200 duration=0s
2026/04/21 14:23:07 http request_id=0f3f5fff3cae9fa3 method=GET path=/api/v1/jobs status=200 duration=0s
2026/04/21 14:23:12 http request_id=5cee987c6efa2311 method=GET path=/api/v1/jobs status=200 duration=0s
2026/04/21 14:23:17 http request_id=378727d149565939 method=GET path=/api/v1/jobs status=200 duration=0s
2026/04/21 14:23:22 http request_id=8b729b62bc264525 method=GET path=/api/v1/jobs status=200 duration=1ms
2026/04/21 14:23:27 http request_id=697c6788ab45a48e method=GET path=/api/v1/jobs status=200 duration=0s
2026/04/21 14:23:32 http request_id=b941cd75b4258192 method=GET path=/api/v1/jobs status=200 duration=0s
2026/04/21 14:23:37 http request_id=daccf4294272c54a method=GET path=/api/v1/jobs status=200 duration=0s
2026/04/21 14:23:42 http request_id=b8955e98d99326e3 method=GET path=/api/v1/jobs status=200 duration=0s
2026/04/21 14:23:47 http request_id=0096a0c09ea75bf3 method=GET path=/api/v1/jobs status=200 duration=0s
2026/04/21 14:23:52 http request_id=633c40584b67bfb0 method=GET path=/api/v1/jobs status=200 duration=0s
2026/04/21 14:24:31 http request_id=1b712d42bac38fea method=GET path=/api/v1/jobs status=200 duration=0s
2026/04/21 14:25:31 http request_id=cb715dba8e65c79b method=GET path=/api/v1/jobs status=200 duration=0s
